# JRE version: OpenJDK Runtime Environment (8.0_76-b03) (build 1.8.0_76-release-b03)
# Java VM: OpenJDK 64-Bit Server VM (25.76-b03 mixed mode windows-amd64 compressed oops)
Heap:
 PSYoungGen      total 115200K, used 34871K [0x00000000e0000000, 0x00000000e8a00000, 0x0000000100000000)
  eden space 92160K, 35% used [0x00000000e0000000,0x00000000e1f9dc88,0x00000000e5a00000)
  from space 23040K, 10% used [0x00000000e7080000,0x00000000e72f0000,0x00000000e8700000)
  to   space 23040K, 0% used [0x00000000e5a00000,0x00000000e5a00000,0x00000000e7080000)
 ParOldGen       total 105472K, used 40342K [0x00000000a0000000, 0x00000000a6700000, 0x00000000e0000000)
  object space 105472K, 38% used [0x00000000a0000000,0x00000000a2765b18,0x00000000a6700000)
 Metaspace       used 53662K, capacity 55776K, committed 55936K, reserved 1097728K
  class space    used 7271K, capacity 7717K, committed 7808K, reserved 1048576K
GC Heap History (10 events):
Event: 26.824 GC heap before
{Heap before GC invocations=17 (full 2):
 PSYoungGen      total 84992K, used 84988K [0x00000000e0000000, 0x00000000e6280000, 0x0000000100000000)
  eden space 73728K, 100% used [0x00000000e0000000,0x00000000e4800000,0x00000000e4800000)
  from space 11264K, 99% used [0x00000000e5480000,0x00000000e5f7f218,0x00000000e5f80000)
  to   space 12800K, 0% used [0x00000000e4800000,0x00000000e4800000,0x00000000e5480000)
 ParOldGen       total 105472K, used 16851K [0x00000000a0000000, 0x00000000a6700000, 0x00000000e0000000)
  object space 105472K, 15% used [0x00000000a0000000,0x00000000a1074ec0,0x00000000a6700000)
 Metaspace       used 49670K, capacity 51050K, committed 51328K, reserved 1093632K
  class space    used 6707K, capacity 7036K, committed 7040K, reserved 1048576K
Event: 26.859 GC heap after
Heap after GC invocations=17 (full 2):
 PSYoungGen      total 86528K, used 12771K [0x00000000e0000000, 0x00000000e7680000, 0x0000000100000000)
  eden space 73728K, 0% used [0x00000000e0000000,0x00000000e0000000,0x00000000e4800000)
  from space 12800K, 99% used [0x00000000e4800000,0x00000000e5478c80,0x00000000e5480000)
  to   space 16384K, 0% used [0x00000000e6680000,0x00000000e6680000,0x00000000e7680000)
 ParOldGen       total 105472K, used 22843K [0x00000000a0000000, 0x00000000a6700000, 0x00000000e0000000)
  object space 105472K, 21% used [0x00000000a0000000,0x00000000a164edb8,0x00000000a6700000)
 Metaspace       used 49670K, capacity 51050K, committed 51328K, reserved 1093632K
  class space    used 6707K, capacity 7036K, committed 7040K, reserved 1048576K
}
Event: 28.136 GC heap before
{Heap before GC invocations=18 (full 2):
 PSYoungGen      total 86528K, used 86499K [0x00000000e0000000, 0x00000000e7680000, 0x0000000100000000)
  eden space 73728K, 100% used [0x00000000e0000000,0x00000000e4800000,0x00000000e4800000)
  from space 12800K, 99% used [0x00000000e4800000,0x00000000e5478c80,0x00000000e5480000)
  to   space 16384K, 0% used [0x00000000e6680000,0x00000000e6680000,0x00000000e7680000)
 ParOldGen       total 105472K, used 22843K [0x00000000a0000000, 0x00000000a6700000, 0x00000000e0000000)
  object space 105472K, 21% used [0x00000000a0000000,0x00000000a164edb8,0x00000000a6700000)
 Metaspace       used 51645K, capacity 53620K, committed 53888K, reserved 1095680K
  class space    used 7077K, capacity 7537K, committed 7552K, reserved 1048576K
Event: 28.200 GC heap after
Heap after GC invocations=18 (full 2):
 PSYoungGen      total 99840K, used 16367K [0x00000000e0000000, 0x00000000e8400000, 0x0000000100000000)
  eden space 83456K, 0% used [0x00000000e0000000,0x00000000e0000000,0x00000000e5180000)
  from space 16384K, 99% used [0x00000000e6680000,0x00000000e767bff0,0x00000000e7680000)
  to   space 21504K, 0% used [0x00000000e5180000,0x00000000e5180000,0x00000000e6680000)
 ParOldGen       total 105472K, used 30189K [0x00000000a0000000, 0x00000000a6700000, 0x00000000e0000000)
  object space 105472K, 28% used [0x00000000a0000000,0x00000000a1d7b6e8,0x00000000a6700000)
 Metaspace       used 51645K, capacity 53620K, committed 53888K, reserved 1095680K
  class space    used 7077K, capacity 7537K, committed 7552K, reserved 1048576K
}
Event: 28.266 GC heap before
{Heap before GC invocations=19 (full 2):
 PSYoungGen      total 99840K, used 18435K [0x00000000e0000000, 0x00000000e8400000, 0x0000000100000000)
  eden space 83456K, 2% used [0x00000000e0000000,0x00000000e0204d10,0x00000000e5180000)
  from space 16384K, 99% used [0x00000000e6680000,0x00000000e767bff0,0x00000000e7680000)
  to   space 21504K, 0% used [0x00000000e5180000,0x00000000e5180000,0x00000000e6680000)
 ParOldGen       total 105472K, used 30189K [0x00000000a0000000, 0x00000000a6700000, 0x00000000e0000000)
  object space 105472K, 28% used [0x00000000a0000000,0x00000000a1d7b6e8,0x00000000a6700000)
 Metaspace       used 51745K, capacity 53726K, committed 53888K, reserved 1095680K
  class space    used 7090K, capacity 7544K, committed 7552K, reserved 1048576K
Event: 28.324 GC heap after
Heap after GC invocations=19 (full 2):
 PSYoungGen      total 104960K, used 16571K [0x00000000e0000000, 0x00000000e8700000, 0x0000000100000000)
  eden space 83456K, 0% used [0x00000000e0000000,0x00000000e0000000,0x00000000e5180000)
  from space 21504K, 77% used [0x00000000e5180000,0x00000000e61aed90,0x00000000e6680000)
  to   space 23040K, 0% used [0x00000000e7080000,0x00000000e7080000,0x00000000e8700000)
 ParOldGen       total 105472K, used 30197K [0x00000000a0000000, 0x00000000a6700000, 0x00000000e0000000)
  object space 105472K, 28% used [0x00000000a0000000,0x00000000a1d7d6e8,0x00000000a6700000)
 Metaspace       used 51745K, capacity 53726K, committed 53888K, reserved 1095680K
  class space    used 7090K, capacity 7544K, committed 7552K, reserved 1048576K
}
Event: 28.324 GC heap before
{Heap before GC invocations=20 (full 3):
 PSYoungGen      total 104960K, used 16571K [0x00000000e0000000, 0x00000000e8700000, 0x0000000100000000)
  eden space 83456K, 0% used [0x00000000e0000000,0x00000000e0000000,0x00000000e5180000)
  from space 21504K, 77% used [0x00000000e5180000,0x00000000e61aed90,0x00000000e6680000)
  to   space 23040K, 0% used [0x00000000e7080000,0x00000000e7080000,0x00000000e8700000)
 ParOldGen       total 105472K, used 30197K [0x00000000a0000000, 0x00000000a6700000, 0x00000000e0000000)
  object space 105472K, 28% used [0x00000000a0000000,0x00000000a1d7d6e8,0x00000000a6700000)
 Metaspace       used 51745K, capacity 53726K, committed 53888K, reserved 1095680K
  class space    used 7090K, capacity 7544K, committed 7552K, reserved 1048576K
Event: 28.995 GC heap after
Heap after GC invocations=20 (full 3):
 PSYoungGen      total 104960K, used 0K [0x00000000e0000000, 0x00000000e8700000, 0x0000000100000000)
  eden space 83456K, 0% used [0x00000000e0000000,0x00000000e0000000,0x00000000e5180000)
  from space 21504K, 0% used [0x00000000e5180000,0x00000000e5180000,0x00000000e6680000)
  to   space 23040K, 0% used [0x00000000e7080000,0x00000000e7080000,0x00000000e8700000)
 ParOldGen       total 105472K, used 40334K [0x00000000a0000000, 0x00000000a6700000, 0x00000000e0000000)
  object space 105472K, 38% used [0x00000000a0000000,0x00000000a2763b18,0x00000000a6700000)
 Metaspace       used 51745K, capacity 53726K, committed 53888K, reserved 1095680K
  class space    used 7090K, capacity 7544K, committed 7552K, reserved 1048576K
}
Event: 38.950 GC heap before
{Heap before GC invocations=21 (full 3):
 PSYoungGen      total 104960K, used 83456K [0x00000000e0000000, 0x00000000e8700000, 0x0000000100000000)
  eden space 83456K, 100% used [0x00000000e0000000,0x00000000e5180000,0x00000000e5180000)
  from space 21504K, 0% used [0x00000000e5180000,0x00000000e5180000,0x00000000e6680000)
  to   space 23040K, 0% used [0x00000000e7080000,0x00000000e7080000,0x00000000e8700000)
 ParOldGen       total 105472K, used 40334K [0x00000000a0000000, 0x00000000a6700000, 0x00000000e0000000)
  object space 105472K, 38% used [0x00000000a0000000,0x00000000a2763b18,0x00000000a6700000)
 Metaspace       used 52135K, capacity 54178K, committed 54528K, reserved 1095680K
  class space    used 7113K, capacity 7570K, committed 7680K, reserved 1048576K
Event: 38.959 GC heap after
Heap after GC invocations=21 (full 3):
 PSYoungGen      total 115200K, used 2496K [0x00000000e0000000, 0x00000000e8a00000, 0x0000000100000000)
  eden space 92160K, 0% used [0x00000000e0000000,0x00000000e0000000,0x00000000e5a00000)
  from space 23040K, 10% used [0x00000000e7080000,0x00000000e72f0000,0x00000000e8700000)
  to   space 23040K, 0% used [0x00000000e5a00000,0x00000000e5a00000,0x00000000e7080000)
 ParOldGen       total 105472K, used 40342K [0x00000000a0000000, 0x00000000a6700000, 0x00000000e0000000)
  object space 105472K, 38% used [0x00000000a0000000,0x00000000a2765b18,0x00000000a6700000)
 Metaspace       used 52135K, capacity 54178K, committed 54528K, reserved 1095680K
  class space    used 7113K, capacity 7570K, committed 7680K, reserved 1048576K
}

