# JRE version: OpenJDK Runtime Environment (8.0_76-b03) (build 1.8.0_76-release-b03)
# Java VM: OpenJDK 64-Bit Server VM (25.76-b03 mixed mode windows-amd64 compressed oops)
Heap:
 PSYoungGen      total 166400K, used 24687K [0x00000000e0000000, 0x00000000eb500000, 0x0000000100000000)
  eden space 153600K, 7% used [0x00000000e0000000,0x00000000e0b9ffa8,0x00000000e9600000)
  from space 12800K, 99% used [0x00000000ea580000,0x00000000eb1fbff0,0x00000000eb200000)
  to   space 15872K, 0% used [0x00000000e9600000,0x00000000e9600000,0x00000000ea580000)
 ParOldGen       total 87552K, used 24187K [0x00000000a0000000, 0x00000000a5580000, 0x00000000e0000000)
  object space 87552K, 27% used [0x00000000a0000000,0x00000000a179ef38,0x00000000a5580000)
 Metaspace       used 48994K, capacity 50294K, committed 50480K, reserved 1093632K
  class space    used 6537K, capacity 6879K, committed 6960K, reserved 1048576K
GC Heap History (10 events):
Event: 10.122 GC heap before
{Heap before GC invocations=8 (full 1):
 PSYoungGen      total 94720K, used 94253K [0x00000000e0000000, 0x00000000e8080000, 0x0000000100000000)
  eden space 87552K, 100% used [0x00000000e0000000,0x00000000e5580000,0x00000000e5580000)
  from space 7168K, 93% used [0x00000000e7980000,0x00000000e800b5f8,0x00000000e8080000)
  to   space 9728K, 0% used [0x00000000e6d80000,0x00000000e6d80000,0x00000000e7700000)
 ParOldGen       total 53760K, used 7608K [0x00000000a0000000, 0x00000000a3480000, 0x00000000e0000000)
  object space 53760K, 14% used [0x00000000a0000000,0x00000000a076e018,0x00000000a3480000)
 Metaspace       used 27908K, capacity 28342K, committed 28592K, reserved 1073152K
  class space    used 3790K, capacity 3929K, committed 4016K, reserved 1048576K
Event: 10.134 GC heap after
Heap after GC invocations=8 (full 1):
 PSYoungGen      total 121856K, used 6025K [0x00000000e0000000, 0x00000000e8f00000, 0x0000000100000000)
  eden space 112128K, 0% used [0x00000000e0000000,0x00000000e0000000,0x00000000e6d80000)
  from space 9728K, 61% used [0x00000000e6d80000,0x00000000e7362638,0x00000000e7700000)
  to   space 9216K, 0% used [0x00000000e8600000,0x00000000e8600000,0x00000000e8f00000)
 ParOldGen       total 53760K, used 7616K [0x00000000a0000000, 0x00000000a3480000, 0x00000000e0000000)
  object space 53760K, 14% used [0x00000000a0000000,0x00000000a0770018,0x00000000a3480000)
 Metaspace       used 27908K, capacity 28342K, committed 28592K, reserved 1073152K
  class space    used 3790K, capacity 3929K, committed 4016K, reserved 1048576K
}
Event: 12.388 GC heap before
{Heap before GC invocations=9 (full 1):
 PSYoungGen      total 121856K, used 99292K [0x00000000e0000000, 0x00000000e8f00000, 0x0000000100000000)
  eden space 112128K, 83% used [0x00000000e0000000,0x00000000e5b14d50,0x00000000e6d80000)
  from space 9728K, 61% used [0x00000000e6d80000,0x00000000e7362638,0x00000000e7700000)
  to   space 9216K, 0% used [0x00000000e8600000,0x00000000e8600000,0x00000000e8f00000)
 ParOldGen       total 53760K, used 7616K [0x00000000a0000000, 0x00000000a3480000, 0x00000000e0000000)
  object space 53760K, 14% used [0x00000000a0000000,0x00000000a0770018,0x00000000a3480000)
 Metaspace       used 34618K, capacity 35162K, committed 35496K, reserved 1079296K
  class space    used 4638K, capacity 4818K, committed 4912K, reserved 1048576K
Event: 12.416 GC heap after
Heap after GC invocations=9 (full 1):
 PSYoungGen      total 134656K, used 9207K [0x00000000e0000000, 0x00000000eb380000, 0x0000000100000000)
  eden space 125440K, 0% used [0x00000000e0000000,0x00000000e0000000,0x00000000e7a80000)
  from space 9216K, 99% used [0x00000000e8600000,0x00000000e8efdee0,0x00000000e8f00000)
  to   space 11776K, 0% used [0x00000000e7a80000,0x00000000e7a80000,0x00000000e8600000)
 ParOldGen       total 53760K, used 10972K [0x00000000a0000000, 0x00000000a3480000, 0x00000000e0000000)
  object space 53760K, 20% used [0x00000000a0000000,0x00000000a0ab73f8,0x00000000a3480000)
 Metaspace       used 34618K, capacity 35162K, committed 35496K, reserved 1079296K
  class space    used 4638K, capacity 4818K, committed 4912K, reserved 1048576K
}
Event: 12.416 GC heap before
{Heap before GC invocations=10 (full 2):
 PSYoungGen      total 134656K, used 9207K [0x00000000e0000000, 0x00000000eb380000, 0x0000000100000000)
  eden space 125440K, 0% used [0x00000000e0000000,0x00000000e0000000,0x00000000e7a80000)
  from space 9216K, 99% used [0x00000000e8600000,0x00000000e8efdee0,0x00000000e8f00000)
  to   space 11776K, 0% used [0x00000000e7a80000,0x00000000e7a80000,0x00000000e8600000)
 ParOldGen       total 53760K, used 10972K [0x00000000a0000000, 0x00000000a3480000, 0x00000000e0000000)
  object space 53760K, 20% used [0x00000000a0000000,0x00000000a0ab73f8,0x00000000a3480000)
 Metaspace       used 34618K, capacity 35162K, committed 35496K, reserved 1079296K
  class space    used 4638K, capacity 4818K, committed 4912K, reserved 1048576K
Event: 12.565 GC heap after
Heap after GC invocations=10 (full 2):
 PSYoungGen      total 134656K, used 0K [0x00000000e0000000, 0x00000000eb380000, 0x0000000100000000)
  eden space 125440K, 0% used [0x00000000e0000000,0x00000000e0000000,0x00000000e7a80000)
  from space 9216K, 0% used [0x00000000e8600000,0x00000000e8600000,0x00000000e8f00000)
  to   space 11776K, 0% used [0x00000000e7a80000,0x00000000e7a80000,0x00000000e8600000)
 ParOldGen       total 87552K, used 18988K [0x00000000a0000000, 0x00000000a5580000, 0x00000000e0000000)
  object space 87552K, 21% used [0x00000000a0000000,0x00000000a128b2d0,0x00000000a5580000)
 Metaspace       used 34618K, capacity 35162K, committed 35496K, reserved 1079296K
  class space    used 4638K, capacity 4818K, committed 4912K, reserved 1048576K
}
Event: 15.422 GC heap before
{Heap before GC invocations=11 (full 2):
 PSYoungGen      total 134656K, used 125440K [0x00000000e0000000, 0x00000000eb380000, 0x0000000100000000)
  eden space 125440K, 100% used [0x00000000e0000000,0x00000000e7a80000,0x00000000e7a80000)
  from space 9216K, 0% used [0x00000000e8600000,0x00000000e8600000,0x00000000e8f00000)
  to   space 11776K, 0% used [0x00000000e7a80000,0x00000000e7a80000,0x00000000e8600000)
 ParOldGen       total 87552K, used 18988K [0x00000000a0000000, 0x00000000a5580000, 0x00000000e0000000)
  object space 87552K, 21% used [0x00000000a0000000,0x00000000a128b2d0,0x00000000a5580000)
 Metaspace       used 43044K, capacity 43938K, committed 44080K, reserved 1087488K
  class space    used 5741K, capacity 5927K, committed 5936K, reserved 1048576K
Event: 15.442 GC heap after
Heap after GC invocations=11 (full 2):
 PSYoungGen      total 137216K, used 10776K [0x00000000e0000000, 0x00000000eb200000, 0x0000000100000000)
  eden space 125440K, 0% used [0x00000000e0000000,0x00000000e0000000,0x00000000e7a80000)
  from space 11776K, 91% used [0x00000000e7a80000,0x00000000e8506138,0x00000000e8600000)
  to   space 12800K, 0% used [0x00000000ea580000,0x00000000ea580000,0x00000000eb200000)
 ParOldGen       total 87552K, used 19060K [0x00000000a0000000, 0x00000000a5580000, 0x00000000e0000000)
  object space 87552K, 21% used [0x00000000a0000000,0x00000000a129d2e0,0x00000000a5580000)
 Metaspace       used 43044K, capacity 43938K, committed 44080K, reserved 1087488K
  class space    used 5741K, capacity 5927K, committed 5936K, reserved 1048576K
}
Event: 21.664 GC heap before
{Heap before GC invocations=12 (full 2):
 PSYoungGen      total 137216K, used 136216K [0x00000000e0000000, 0x00000000eb200000, 0x0000000100000000)
  eden space 125440K, 100% used [0x00000000e0000000,0x00000000e7a80000,0x00000000e7a80000)
  from space 11776K, 91% used [0x00000000e7a80000,0x00000000e8506138,0x00000000e8600000)
  to   space 12800K, 0% used [0x00000000ea580000,0x00000000ea580000,0x00000000eb200000)
 ParOldGen       total 87552K, used 19060K [0x00000000a0000000, 0x00000000a5580000, 0x00000000e0000000)
  object space 87552K, 21% used [0x00000000a0000000,0x00000000a129d2e0,0x00000000a5580000)
 Metaspace       used 48668K, capacity 49854K, committed 50096K, reserved 1093632K
  class space    used 6498K, capacity 6779K, committed 6832K, reserved 1048576K
Event: 21.703 GC heap after
Heap after GC invocations=12 (full 2):
 PSYoungGen      total 166400K, used 12783K [0x00000000e0000000, 0x00000000eb500000, 0x0000000100000000)
  eden space 153600K, 0% used [0x00000000e0000000,0x00000000e0000000,0x00000000e9600000)
  from space 12800K, 99% used [0x00000000ea580000,0x00000000eb1fbff0,0x00000000eb200000)
  to   space 15872K, 0% used [0x00000000e9600000,0x00000000e9600000,0x00000000ea580000)
 ParOldGen       total 87552K, used 24187K [0x00000000a0000000, 0x00000000a5580000, 0x00000000e0000000)
  object space 87552K, 27% used [0x00000000a0000000,0x00000000a179ef38,0x00000000a5580000)
 Metaspace       used 48668K, capacity 49854K, committed 50096K, reserved 1093632K
  class space    used 6498K, capacity 6779K, committed 6832K, reserved 1048576K
}

