# JRE version: OpenJDK Runtime Environment (8.0_76-b03) (build 1.8.0_76-release-b03)
# Java VM: OpenJDK 64-Bit Server VM (25.76-b03 mixed mode windows-amd64 compressed oops)
Heap:
 PSYoungGen      total 152576K, used 138836K [0x00000000e0000000, 0x00000000ec900000, 0x0000000100000000)
  eden space 140800K, 90% used [0x00000000e0000000,0x00000000e7c16240,0x00000000e8980000)
  from space 11776K, 99% used [0x00000000e8980000,0x00000000e94fee30,0x00000000e9500000)
  to   space 13312K, 0% used [0x00000000ebc00000,0x00000000ebc00000,0x00000000ec900000)
 ParOldGen       total 83456K, used 19278K [0x00000000a0000000, 0x00000000a5180000, 0x00000000e0000000)
  object space 83456K, 23% used [0x00000000a0000000,0x00000000a12d3870,0x00000000a5180000)
 Metaspace       used 49091K, capacity 50320K, committed 50480K, reserved 1093632K
  class space    used 6536K, capacity 6850K, committed 6960K, reserved 1048576K
GC Heap History (10 events):
Event: 9.094 GC heap before
{Heap before GC invocations=7 (full 1):
 PSYoungGen      total 61952K, used 57344K [0x00000000e0000000, 0x00000000e8300000, 0x0000000100000000)
  eden space 57344K, 100% used [0x00000000e0000000,0x00000000e3800000,0x00000000e3800000)
  from space 4608K, 0% used [0x00000000e3800000,0x00000000e3800000,0x00000000e3c80000)
  to   space 9728K, 0% used [0x00000000e7980000,0x00000000e7980000,0x00000000e8300000)
 ParOldGen       total 54784K, used 10318K [0x00000000a0000000, 0x00000000a3580000, 0x00000000e0000000)
  object space 54784K, 18% used [0x00000000a0000000,0x00000000a0a13ad8,0x00000000a3580000)
 Metaspace       used 25360K, capacity 25806K, committed 25904K, reserved 1071104K
  class space    used 3482K, capacity 3605K, committed 3632K, reserved 1048576K
Event: 9.117 GC heap after
Heap after GC invocations=7 (full 1):
 PSYoungGen      total 98816K, used 6688K [0x00000000e0000000, 0x00000000e8080000, 0x0000000100000000)
  eden space 91648K, 0% used [0x00000000e0000000,0x00000000e0000000,0x00000000e5980000)
  from space 7168K, 93% used [0x00000000e7980000,0x00000000e80080b8,0x00000000e8080000)
  to   space 9728K, 0% used [0x00000000e6d80000,0x00000000e6d80000,0x00000000e7700000)
 ParOldGen       total 54784K, used 10318K [0x00000000a0000000, 0x00000000a3580000, 0x00000000e0000000)
  object space 54784K, 18% used [0x00000000a0000000,0x00000000a0a13ad8,0x00000000a3580000)
 Metaspace       used 25360K, capacity 25806K, committed 25904K, reserved 1071104K
  class space    used 3482K, capacity 3605K, committed 3632K, reserved 1048576K
}
Event: 11.514 GC heap before
{Heap before GC invocations=8 (full 1):
 PSYoungGen      total 98816K, used 98336K [0x00000000e0000000, 0x00000000e8080000, 0x0000000100000000)
  eden space 91648K, 100% used [0x00000000e0000000,0x00000000e5980000,0x00000000e5980000)
  from space 7168K, 93% used [0x00000000e7980000,0x00000000e80080b8,0x00000000e8080000)
  to   space 9728K, 0% used [0x00000000e6d80000,0x00000000e6d80000,0x00000000e7700000)
 ParOldGen       total 54784K, used 10318K [0x00000000a0000000, 0x00000000a3580000, 0x00000000e0000000)
  object space 54784K, 18% used [0x00000000a0000000,0x00000000a0a13ad8,0x00000000a3580000)
 Metaspace       used 27946K, capacity 28422K, committed 28592K, reserved 1073152K
  class space    used 3794K, capacity 3961K, committed 4016K, reserved 1048576K
Event: 11.547 GC heap after
Heap after GC invocations=8 (full 1):
 PSYoungGen      total 121856K, used 6353K [0x00000000e0000000, 0x00000000e9e00000, 0x0000000100000000)
  eden space 112128K, 0% used [0x00000000e0000000,0x00000000e0000000,0x00000000e6d80000)
  from space 9728K, 65% used [0x00000000e6d80000,0x00000000e73b4498,0x00000000e7700000)
  to   space 9216K, 0% used [0x00000000e9500000,0x00000000e9500000,0x00000000e9e00000)
 ParOldGen       total 54784K, used 10326K [0x00000000a0000000, 0x00000000a3580000, 0x00000000e0000000)
  object space 54784K, 18% used [0x00000000a0000000,0x00000000a0a15ad8,0x00000000a3580000)
 Metaspace       used 27946K, capacity 28422K, committed 28592K, reserved 1073152K
  class space    used 3794K, capacity 3961K, committed 4016K, reserved 1048576K
}
Event: 16.621 GC heap before
{Heap before GC invocations=9 (full 1):
 PSYoungGen      total 121856K, used 97669K [0x00000000e0000000, 0x00000000e9e00000, 0x0000000100000000)
  eden space 112128K, 81% used [0x00000000e0000000,0x00000000e592d258,0x00000000e6d80000)
  from space 9728K, 65% used [0x00000000e6d80000,0x00000000e73b4498,0x00000000e7700000)
  to   space 9216K, 0% used [0x00000000e9500000,0x00000000e9500000,0x00000000e9e00000)
 ParOldGen       total 54784K, used 10326K [0x00000000a0000000, 0x00000000a3580000, 0x00000000e0000000)
  object space 54784K, 18% used [0x00000000a0000000,0x00000000a0a15ad8,0x00000000a3580000)
 Metaspace       used 34624K, capacity 35210K, committed 35496K, reserved 1079296K
  class space    used 4639K, capacity 4818K, committed 4912K, reserved 1048576K
Event: 16.646 GC heap after
Heap after GC invocations=9 (full 1):
 PSYoungGen      total 150016K, used 9199K [0x00000000e0000000, 0x00000000ebc00000, 0x0000000100000000)
  eden space 140800K, 0% used [0x00000000e0000000,0x00000000e0000000,0x00000000e8980000)
  from space 9216K, 99% used [0x00000000e9500000,0x00000000e9dfbdd0,0x00000000e9e00000)
  to   space 11776K, 0% used [0x00000000e8980000,0x00000000e8980000,0x00000000e9500000)
 ParOldGen       total 54784K, used 13652K [0x00000000a0000000, 0x00000000a3580000, 0x00000000e0000000)
  object space 54784K, 24% used [0x00000000a0000000,0x00000000a0d55248,0x00000000a3580000)
 Metaspace       used 34624K, capacity 35210K, committed 35496K, reserved 1079296K
  class space    used 4639K, capacity 4818K, committed 4912K, reserved 1048576K
}
Event: 16.646 GC heap before
{Heap before GC invocations=10 (full 2):
 PSYoungGen      total 150016K, used 9199K [0x00000000e0000000, 0x00000000ebc00000, 0x0000000100000000)
  eden space 140800K, 0% used [0x00000000e0000000,0x00000000e0000000,0x00000000e8980000)
  from space 9216K, 99% used [0x00000000e9500000,0x00000000e9dfbdd0,0x00000000e9e00000)
  to   space 11776K, 0% used [0x00000000e8980000,0x00000000e8980000,0x00000000e9500000)
 ParOldGen       total 54784K, used 13652K [0x00000000a0000000, 0x00000000a3580000, 0x00000000e0000000)
  object space 54784K, 24% used [0x00000000a0000000,0x00000000a0d55248,0x00000000a3580000)
 Metaspace       used 34624K, capacity 35210K, committed 35496K, reserved 1079296K
  class space    used 4639K, capacity 4818K, committed 4912K, reserved 1048576K
Event: 16.838 GC heap after
Heap after GC invocations=10 (full 2):
 PSYoungGen      total 150016K, used 0K [0x00000000e0000000, 0x00000000ebc00000, 0x0000000100000000)
  eden space 140800K, 0% used [0x00000000e0000000,0x00000000e0000000,0x00000000e8980000)
  from space 9216K, 0% used [0x00000000e9500000,0x00000000e9500000,0x00000000e9e00000)
  to   space 11776K, 0% used [0x00000000e8980000,0x00000000e8980000,0x00000000e9500000)
 ParOldGen       total 83456K, used 18965K [0x00000000a0000000, 0x00000000a5180000, 0x00000000e0000000)
  object space 83456K, 22% used [0x00000000a0000000,0x00000000a1285600,0x00000000a5180000)
 Metaspace       used 34624K, capacity 35210K, committed 35496K, reserved 1079296K
  class space    used 4639K, capacity 4818K, committed 4912K, reserved 1048576K
}
Event: 23.177 GC heap before
{Heap before GC invocations=11 (full 2):
 PSYoungGen      total 150016K, used 140800K [0x00000000e0000000, 0x00000000ebc00000, 0x0000000100000000)
  eden space 140800K, 100% used [0x00000000e0000000,0x00000000e8980000,0x00000000e8980000)
  from space 9216K, 0% used [0x00000000e9500000,0x00000000e9500000,0x00000000e9e00000)
  to   space 11776K, 0% used [0x00000000e8980000,0x00000000e8980000,0x00000000e9500000)
 ParOldGen       total 83456K, used 18965K [0x00000000a0000000, 0x00000000a5180000, 0x00000000e0000000)
  object space 83456K, 22% used [0x00000000a0000000,0x00000000a1285600,0x00000000a5180000)
 Metaspace       used 43353K, capacity 44208K, committed 44464K, reserved 1087488K
  class space    used 5778K, capacity 5972K, committed 6064K, reserved 1048576K
Event: 23.215 GC heap after
Heap after GC invocations=11 (full 2):
 PSYoungGen      total 152576K, used 11771K [0x00000000e0000000, 0x00000000ec900000, 0x0000000100000000)
  eden space 140800K, 0% used [0x00000000e0000000,0x00000000e0000000,0x00000000e8980000)
  from space 11776K, 99% used [0x00000000e8980000,0x00000000e94fee30,0x00000000e9500000)
  to   space 13312K, 0% used [0x00000000ebc00000,0x00000000ebc00000,0x00000000ec900000)
 ParOldGen       total 83456K, used 19278K [0x00000000a0000000, 0x00000000a5180000, 0x00000000e0000000)
  object space 83456K, 23% used [0x00000000a0000000,0x00000000a12d3870,0x00000000a5180000)
 Metaspace       used 43353K, capacity 44208K, committed 44464K, reserved 1087488K
  class space    used 5778K, capacity 5972K, committed 6064K, reserved 1048576K
}

