# JRE version: OpenJDK Runtime Environment (8.0_76-b03) (build 1.8.0_76-release-b03)
# Java VM: OpenJDK 64-Bit Server VM (25.76-b03 mixed mode windows-amd64 compressed oops)
Heap:
 PSYoungGen      total 235520K, used 126700K [0x00000000e0000000, 0x00000000f0980000, 0x0000000100000000)
  eden space 220672K, 57% used [0x00000000e0000000,0x00000000e7bbb0f8,0x00000000ed780000)
  from space 14848K, 0% used [0x00000000eed00000,0x00000000eed00000,0x00000000efb80000)
  to   space 22016K, 0% used [0x00000000ed780000,0x00000000ed780000,0x00000000eed00000)
 ParOldGen       total 71680K, used 43219K [0x00000000a0000000, 0x00000000a4600000, 0x00000000e0000000)
  object space 71680K, 60% used [0x00000000a0000000,0x00000000a2a34dd0,0x00000000a4600000)
 Metaspace       used 53694K, capacity 55848K, committed 55984K, reserved 1097728K
  class space    used 7293K, capacity 7755K, committed 7856K, reserved 1048576K
GC Heap History (10 events):
Event: 15.896 GC heap before
{Heap before GC invocations=9 (full 1):
 PSYoungGen      total 121856K, used 87880K [0x00000000e0000000, 0x00000000eb700000, 0x0000000100000000)
  eden space 111616K, 72% used [0x00000000e0000000,0x00000000e4f7aaf0,0x00000000e6d00000)
  from space 10240K, 63% used [0x00000000e6d00000,0x00000000e7357728,0x00000000e7700000)
  to   space 9728K, 0% used [0x00000000ead80000,0x00000000ead80000,0x00000000eb700000)
 ParOldGen       total 50688K, used 9969K [0x00000000a0000000, 0x00000000a3180000, 0x00000000e0000000)
  object space 50688K, 19% used [0x00000000a0000000,0x00000000a09bc410,0x00000000a3180000)
 Metaspace       used 34673K, capacity 35342K, committed 35496K, reserved 1079296K
  class space    used 4665K, capacity 4862K, committed 4912K, reserved 1048576K
Event: 15.934 GC heap after
Heap after GC invocations=9 (full 1):
 PSYoungGen      total 176128K, used 9701K [0x00000000e0000000, 0x00000000ec900000, 0x0000000100000000)
  eden space 166400K, 0% used [0x00000000e0000000,0x00000000e0000000,0x00000000ea280000)
  from space 9728K, 99% used [0x00000000ead80000,0x00000000eb6f96b8,0x00000000eb700000)
  to   space 11264K, 0% used [0x00000000ea280000,0x00000000ea280000,0x00000000ead80000)
 ParOldGen       total 50688K, used 11713K [0x00000000a0000000, 0x00000000a3180000, 0x00000000e0000000)
  object space 50688K, 23% used [0x00000000a0000000,0x00000000a0b707d0,0x00000000a3180000)
 Metaspace       used 34673K, capacity 35342K, committed 35496K, reserved 1079296K
  class space    used 4665K, capacity 4862K, committed 4912K, reserved 1048576K
}
Event: 15.934 GC heap before
{Heap before GC invocations=10 (full 2):
 PSYoungGen      total 176128K, used 9701K [0x00000000e0000000, 0x00000000ec900000, 0x0000000100000000)
  eden space 166400K, 0% used [0x00000000e0000000,0x00000000e0000000,0x00000000ea280000)
  from space 9728K, 99% used [0x00000000ead80000,0x00000000eb6f96b8,0x00000000eb700000)
  to   space 11264K, 0% used [0x00000000ea280000,0x00000000ea280000,0x00000000ead80000)
 ParOldGen       total 50688K, used 11713K [0x00000000a0000000, 0x00000000a3180000, 0x00000000e0000000)
  object space 50688K, 23% used [0x00000000a0000000,0x00000000a0b707d0,0x00000000a3180000)
 Metaspace       used 34673K, capacity 35342K, committed 35496K, reserved 1079296K
  class space    used 4665K, capacity 4862K, committed 4912K, reserved 1048576K
Event: 16.101 GC heap after
Heap after GC invocations=10 (full 2):
 PSYoungGen      total 176128K, used 0K [0x00000000e0000000, 0x00000000ec900000, 0x0000000100000000)
  eden space 166400K, 0% used [0x00000000e0000000,0x00000000e0000000,0x00000000ea280000)
  from space 9728K, 0% used [0x00000000ead80000,0x00000000ead80000,0x00000000eb700000)
  to   space 11264K, 0% used [0x00000000ea280000,0x00000000ea280000,0x00000000ead80000)
 ParOldGen       total 71680K, used 18922K [0x00000000a0000000, 0x00000000a4600000, 0x00000000e0000000)
  object space 71680K, 26% used [0x00000000a0000000,0x00000000a127a9f8,0x00000000a4600000)
 Metaspace       used 34673K, capacity 35342K, committed 35496K, reserved 1079296K
  class space    used 4665K, capacity 4862K, committed 4912K, reserved 1048576K
}
Event: 19.723 GC heap before
{Heap before GC invocations=11 (full 2):
 PSYoungGen      total 176128K, used 166400K [0x00000000e0000000, 0x00000000ec900000, 0x0000000100000000)
  eden space 166400K, 100% used [0x00000000e0000000,0x00000000ea280000,0x00000000ea280000)
  from space 9728K, 0% used [0x00000000ead80000,0x00000000ead80000,0x00000000eb700000)
  to   space 11264K, 0% used [0x00000000ea280000,0x00000000ea280000,0x00000000ead80000)
 ParOldGen       total 71680K, used 18922K [0x00000000a0000000, 0x00000000a4600000, 0x00000000e0000000)
  object space 71680K, 26% used [0x00000000a0000000,0x00000000a127a9f8,0x00000000a4600000)
 Metaspace       used 45265K, capacity 46540K, committed 46640K, reserved 1089536K
  class space    used 6105K, capacity 6394K, committed 6448K, reserved 1048576K
Event: 19.802 GC heap after
Heap after GC invocations=11 (full 2):
 PSYoungGen      total 177664K, used 11257K [0x00000000e0000000, 0x00000000efb80000, 0x0000000100000000)
  eden space 166400K, 0% used [0x00000000e0000000,0x00000000e0000000,0x00000000ea280000)
  from space 11264K, 99% used [0x00000000ea280000,0x00000000ead7e7d8,0x00000000ead80000)
  to   space 14848K, 0% used [0x00000000eed00000,0x00000000eed00000,0x00000000efb80000)
 ParOldGen       total 71680K, used 23722K [0x00000000a0000000, 0x00000000a4600000, 0x00000000e0000000)
  object space 71680K, 33% used [0x00000000a0000000,0x00000000a172aaa8,0x00000000a4600000)
 Metaspace       used 45265K, capacity 46540K, committed 46640K, reserved 1089536K
  class space    used 6105K, capacity 6394K, committed 6448K, reserved 1048576K
}
Event: 22.849 GC heap before
{Heap before GC invocations=12 (full 2):
 PSYoungGen      total 177664K, used 169396K [0x00000000e0000000, 0x00000000efb80000, 0x0000000100000000)
  eden space 166400K, 95% used [0x00000000e0000000,0x00000000e9a6e8e0,0x00000000ea280000)
  from space 11264K, 99% used [0x00000000ea280000,0x00000000ead7e7d8,0x00000000ead80000)
  to   space 14848K, 0% used [0x00000000eed00000,0x00000000eed00000,0x00000000efb80000)
 ParOldGen       total 71680K, used 23722K [0x00000000a0000000, 0x00000000a4600000, 0x00000000e0000000)
  object space 71680K, 33% used [0x00000000a0000000,0x00000000a172aaa8,0x00000000a4600000)
 Metaspace       used 51803K, capacity 53796K, committed 53936K, reserved 1095680K
  class space    used 7112K, capacity 7581K, committed 7600K, reserved 1048576K
Event: 22.942 GC heap after
Heap after GC invocations=12 (full 2):
 PSYoungGen      total 235520K, used 14817K [0x00000000e0000000, 0x00000000f0980000, 0x0000000100000000)
  eden space 220672K, 0% used [0x00000000e0000000,0x00000000e0000000,0x00000000ed780000)
  from space 14848K, 99% used [0x00000000eed00000,0x00000000efb78468,0x00000000efb80000)
  to   space 22016K, 0% used [0x00000000ed780000,0x00000000ed780000,0x00000000eed00000)
 ParOldGen       total 71680K, used 38671K [0x00000000a0000000, 0x00000000a4600000, 0x00000000e0000000)
  object space 71680K, 53% used [0x00000000a0000000,0x00000000a25c3f58,0x00000000a4600000)
 Metaspace       used 51803K, capacity 53796K, committed 53936K, reserved 1095680K
  class space    used 7112K, capacity 7581K, committed 7600K, reserved 1048576K
}
Event: 22.942 GC heap before
{Heap before GC invocations=13 (full 3):
 PSYoungGen      total 235520K, used 14817K [0x00000000e0000000, 0x00000000f0980000, 0x0000000100000000)
  eden space 220672K, 0% used [0x00000000e0000000,0x00000000e0000000,0x00000000ed780000)
  from space 14848K, 99% used [0x00000000eed00000,0x00000000efb78468,0x00000000efb80000)
  to   space 22016K, 0% used [0x00000000ed780000,0x00000000ed780000,0x00000000eed00000)
 ParOldGen       total 71680K, used 38671K [0x00000000a0000000, 0x00000000a4600000, 0x00000000e0000000)
  object space 71680K, 53% used [0x00000000a0000000,0x00000000a25c3f58,0x00000000a4600000)
 Metaspace       used 51803K, capacity 53796K, committed 53936K, reserved 1095680K
  class space    used 7112K, capacity 7581K, committed 7600K, reserved 1048576K
Event: 23.479 GC heap after
Heap after GC invocations=13 (full 3):
 PSYoungGen      total 235520K, used 0K [0x00000000e0000000, 0x00000000f0980000, 0x0000000100000000)
  eden space 220672K, 0% used [0x00000000e0000000,0x00000000e0000000,0x00000000ed780000)
  from space 14848K, 0% used [0x00000000eed00000,0x00000000eed00000,0x00000000efb80000)
  to   space 22016K, 0% used [0x00000000ed780000,0x00000000ed780000,0x00000000eed00000)
 ParOldGen       total 71680K, used 43219K [0x00000000a0000000, 0x00000000a4600000, 0x00000000e0000000)
  object space 71680K, 60% used [0x00000000a0000000,0x00000000a2a34dd0,0x00000000a4600000)
 Metaspace       used 51803K, capacity 53796K, committed 53936K, reserved 1095680K
  class space    used 7112K, capacity 7581K, committed 7600K, reserved 1048576K
}

