# JRE version: OpenJDK Runtime Environment (8.0_76-b03) (build 1.8.0_76-release-b03)
# Java VM: OpenJDK 64-Bit Server VM (25.76-b03 mixed mode windows-amd64 compressed oops)
Heap:
 PSYoungGen      total 214528K, used 123622K [0x00000000e0000000, 0x00000000eed80000, 0x0000000100000000)
  eden space 193536K, 63% used [0x00000000e0000000,0x00000000e78b9bf0,0x00000000ebd00000)
  from space 20992K, 0% used [0x00000000ebd00000,0x00000000ebd00000,0x00000000ed180000)
  to   space 20992K, 0% used [0x00000000ed900000,0x00000000ed900000,0x00000000eed80000)
 ParOldGen       total 79872K, used 40205K [0x00000000a0000000, 0x00000000a4e00000, 0x00000000e0000000)
  object space 79872K, 50% used [0x00000000a0000000,0x00000000a2743430,0x00000000a4e00000)
 Metaspace       used 53793K, capacity 55864K, committed 56112K, reserved 1097728K
  class space    used 7287K, capacity 7721K, committed 7728K, reserved 1048576K
GC Heap History (10 events):
Event: 11.778 GC heap before
{Heap before GC invocations=10 (full 2):
 PSYoungGen      total 163328K, used 9716K [0x00000000e0000000, 0x00000000ec500000, 0x0000000100000000)
  eden space 153600K, 0% used [0x00000000e0000000,0x00000000e0000000,0x00000000e9600000)
  from space 9728K, 99% used [0x00000000ea180000,0x00000000eaafd160,0x00000000eab00000)
  to   space 11776K, 0% used [0x00000000e9600000,0x00000000e9600000,0x00000000ea180000)
 ParOldGen       total 51712K, used 10180K [0x00000000a0000000, 0x00000000a3280000, 0x00000000e0000000)
  object space 51712K, 19% used [0x00000000a0000000,0x00000000a09f10b0,0x00000000a3280000)
 Metaspace       used 34611K, capacity 35300K, committed 35496K, reserved 1079296K
  class space    used 4653K, capacity 4829K, committed 4912K, reserved 1048576K
Event: 11.943 GC heap after
Heap after GC invocations=10 (full 2):
 PSYoungGen      total 163328K, used 0K [0x00000000e0000000, 0x00000000ec500000, 0x0000000100000000)
  eden space 153600K, 0% used [0x00000000e0000000,0x00000000e0000000,0x00000000e9600000)
  from space 9728K, 0% used [0x00000000ea180000,0x00000000ea180000,0x00000000eab00000)
  to   space 11776K, 0% used [0x00000000e9600000,0x00000000e9600000,0x00000000ea180000)
 ParOldGen       total 79872K, used 18992K [0x00000000a0000000, 0x00000000a4e00000, 0x00000000e0000000)
  object space 79872K, 23% used [0x00000000a0000000,0x00000000a128c3d8,0x00000000a4e00000)
 Metaspace       used 34611K, capacity 35300K, committed 35496K, reserved 1079296K
  class space    used 4653K, capacity 4829K, committed 4912K, reserved 1048576K
}
Event: 14.817 GC heap before
{Heap before GC invocations=11 (full 2):
 PSYoungGen      total 163328K, used 153600K [0x00000000e0000000, 0x00000000ec500000, 0x0000000100000000)
  eden space 153600K, 100% used [0x00000000e0000000,0x00000000e9600000,0x00000000e9600000)
  from space 9728K, 0% used [0x00000000ea180000,0x00000000ea180000,0x00000000eab00000)
  to   space 11776K, 0% used [0x00000000e9600000,0x00000000e9600000,0x00000000ea180000)
 ParOldGen       total 79872K, used 18992K [0x00000000a0000000, 0x00000000a4e00000, 0x00000000e0000000)
  object space 79872K, 23% used [0x00000000a0000000,0x00000000a128c3d8,0x00000000a4e00000)
 Metaspace       used 44509K, capacity 45582K, committed 45744K, reserved 1089536K
  class space    used 5974K, capacity 6241K, committed 6320K, reserved 1048576K
Event: 14.861 GC heap after
Heap after GC invocations=11 (full 2):
 PSYoungGen      total 165376K, used 11753K [0x00000000e0000000, 0x00000000edf80000, 0x0000000100000000)
  eden space 153600K, 0% used [0x00000000e0000000,0x00000000e0000000,0x00000000e9600000)
  from space 11776K, 99% used [0x00000000e9600000,0x00000000ea17a768,0x00000000ea180000)
  to   space 14336K, 0% used [0x00000000ed180000,0x00000000ed180000,0x00000000edf80000)
 ParOldGen       total 79872K, used 21480K [0x00000000a0000000, 0x00000000a4e00000, 0x00000000e0000000)
  object space 79872K, 26% used [0x00000000a0000000,0x00000000a14fa3d0,0x00000000a4e00000)
 Metaspace       used 44509K, capacity 45582K, committed 45744K, reserved 1089536K
  class space    used 5974K, capacity 6241K, committed 6320K, reserved 1048576K
}
Event: 17.375 GC heap before
{Heap before GC invocations=12 (full 2):
 PSYoungGen      total 165376K, used 165353K [0x00000000e0000000, 0x00000000edf80000, 0x0000000100000000)
  eden space 153600K, 100% used [0x00000000e0000000,0x00000000e9600000,0x00000000e9600000)
  from space 11776K, 99% used [0x00000000e9600000,0x00000000ea17a768,0x00000000ea180000)
  to   space 14336K, 0% used [0x00000000ed180000,0x00000000ed180000,0x00000000edf80000)
 ParOldGen       total 79872K, used 21480K [0x00000000a0000000, 0x00000000a4e00000, 0x00000000e0000000)
  object space 79872K, 26% used [0x00000000a0000000,0x00000000a14fa3d0,0x00000000a4e00000)
 Metaspace       used 50481K, capacity 52084K, committed 52400K, reserved 1093632K
  class space    used 6876K, capacity 7260K, committed 7344K, reserved 1048576K
Event: 17.450 GC heap after
Heap after GC invocations=12 (full 2):
 PSYoungGen      total 207872K, used 14323K [0x00000000e0000000, 0x00000000eed80000, 0x0000000100000000)
  eden space 193536K, 0% used [0x00000000e0000000,0x00000000e0000000,0x00000000ebd00000)
  from space 14336K, 99% used [0x00000000ed180000,0x00000000edf7ce88,0x00000000edf80000)
  to   space 20992K, 0% used [0x00000000ebd00000,0x00000000ebd00000,0x00000000ed180000)
 ParOldGen       total 79872K, used 35173K [0x00000000a0000000, 0x00000000a4e00000, 0x00000000e0000000)
  object space 79872K, 44% used [0x00000000a0000000,0x00000000a2259748,0x00000000a4e00000)
 Metaspace       used 50481K, capacity 52084K, committed 52400K, reserved 1093632K
  class space    used 6876K, capacity 7260K, committed 7344K, reserved 1048576K
}
Event: 18.003 GC heap before
{Heap before GC invocations=13 (full 2):
 PSYoungGen      total 207872K, used 37736K [0x00000000e0000000, 0x00000000eed80000, 0x0000000100000000)
  eden space 193536K, 12% used [0x00000000e0000000,0x00000000e16dd350,0x00000000ebd00000)
  from space 14336K, 99% used [0x00000000ed180000,0x00000000edf7ce88,0x00000000edf80000)
  to   space 20992K, 0% used [0x00000000ebd00000,0x00000000ebd00000,0x00000000ed180000)
 ParOldGen       total 79872K, used 35173K [0x00000000a0000000, 0x00000000a4e00000, 0x00000000e0000000)
  object space 79872K, 44% used [0x00000000a0000000,0x00000000a2259748,0x00000000a4e00000)
 Metaspace       used 51822K, capacity 53782K, committed 53936K, reserved 1095680K
  class space    used 7105K, capacity 7580K, committed 7600K, reserved 1048576K
Event: 18.045 GC heap after
Heap after GC invocations=13 (full 2):
 PSYoungGen      total 214528K, used 2625K [0x00000000e0000000, 0x00000000eed80000, 0x0000000100000000)
  eden space 193536K, 0% used [0x00000000e0000000,0x00000000e0000000,0x00000000ebd00000)
  from space 20992K, 12% used [0x00000000ebd00000,0x00000000ebf90530,0x00000000ed180000)
  to   space 20992K, 0% used [0x00000000ed900000,0x00000000ed900000,0x00000000eed80000)
 ParOldGen       total 79872K, used 49410K [0x00000000a0000000, 0x00000000a4e00000, 0x00000000e0000000)
  object space 79872K, 61% used [0x00000000a0000000,0x00000000a3040810,0x00000000a4e00000)
 Metaspace       used 51822K, capacity 53782K, committed 53936K, reserved 1095680K
  class space    used 7105K, capacity 7580K, committed 7600K, reserved 1048576K
}
Event: 18.045 GC heap before
{Heap before GC invocations=14 (full 3):
 PSYoungGen      total 214528K, used 2625K [0x00000000e0000000, 0x00000000eed80000, 0x0000000100000000)
  eden space 193536K, 0% used [0x00000000e0000000,0x00000000e0000000,0x00000000ebd00000)
  from space 20992K, 12% used [0x00000000ebd00000,0x00000000ebf90530,0x00000000ed180000)
  to   space 20992K, 0% used [0x00000000ed900000,0x00000000ed900000,0x00000000eed80000)
 ParOldGen       total 79872K, used 49410K [0x00000000a0000000, 0x00000000a4e00000, 0x00000000e0000000)
  object space 79872K, 61% used [0x00000000a0000000,0x00000000a3040810,0x00000000a4e00000)
 Metaspace       used 51822K, capacity 53782K, committed 53936K, reserved 1095680K
  class space    used 7105K, capacity 7580K, committed 7600K, reserved 1048576K
Event: 18.495 GC heap after
Heap after GC invocations=14 (full 3):
 PSYoungGen      total 214528K, used 0K [0x00000000e0000000, 0x00000000eed80000, 0x0000000100000000)
  eden space 193536K, 0% used [0x00000000e0000000,0x00000000e0000000,0x00000000ebd00000)
  from space 20992K, 0% used [0x00000000ebd00000,0x00000000ebd00000,0x00000000ed180000)
  to   space 20992K, 0% used [0x00000000ed900000,0x00000000ed900000,0x00000000eed80000)
 ParOldGen       total 79872K, used 40205K [0x00000000a0000000, 0x00000000a4e00000, 0x00000000e0000000)
  object space 79872K, 50% used [0x00000000a0000000,0x00000000a2743430,0x00000000a4e00000)
 Metaspace       used 51822K, capacity 53782K, committed 53936K, reserved 1095680K
  class space    used 7105K, capacity 7580K, committed 7600K, reserved 1048576K
}

