# JRE version: OpenJDK Runtime Environment (8.0_76-b03) (build 1.8.0_76-release-b03)
# Java VM: OpenJDK 64-Bit Server VM (25.76-b03 mixed mode windows-amd64 compressed oops)
Heap:
 PSYoungGen      total 220160K, used 124057K [0x00000000e0000000, 0x00000000efb80000, 0x0000000100000000)
  eden space 205824K, 60% used [0x00000000e0000000,0x00000000e79265f0,0x00000000ec900000)
  from space 14336K, 0% used [0x00000000ede80000,0x00000000ede80000,0x00000000eec80000)
  to   space 22016K, 0% used [0x00000000ec900000,0x00000000ec900000,0x00000000ede80000)
 ParOldGen       total 76800K, used 43518K [0x00000000a0000000, 0x00000000a4b00000, 0x00000000e0000000)
  object space 76800K, 56% used [0x00000000a0000000,0x00000000a2a7fbb0,0x00000000a4b00000)
 Metaspace       used 53654K, capacity 55792K, committed 55936K, reserved 1097728K
  class space    used 7271K, capacity 7719K, committed 7808K, reserved 1048576K
GC Heap History (10 events):
Event: 11.019 GC heap before
{Heap before GC invocations=9 (full 1):
 PSYoungGen      total 121856K, used 89631K [0x00000000e0000000, 0x00000000eb500000, 0x0000000100000000)
  eden space 111616K, 74% used [0x00000000e0000000,0x00000000e514a130,0x00000000e6d00000)
  from space 10240K, 62% used [0x00000000e6d00000,0x00000000e733dae0,0x00000000e7700000)
  to   space 9728K, 0% used [0x00000000eab80000,0x00000000eab80000,0x00000000eb500000)
 ParOldGen       total 51200K, used 9923K [0x00000000a0000000, 0x00000000a3200000, 0x00000000e0000000)
  object space 51200K, 19% used [0x00000000a0000000,0x00000000a09b0c10,0x00000000a3200000)
 Metaspace       used 34630K, capacity 35372K, committed 35496K, reserved 1079296K
  class space    used 4665K, capacity 4857K, committed 4864K, reserved 1048576K
Event: 11.049 GC heap after
Heap after GC invocations=9 (full 1):
 PSYoungGen      total 173568K, used 9703K [0x00000000e0000000, 0x00000000eca80000, 0x0000000100000000)
  eden space 163840K, 0% used [0x00000000e0000000,0x00000000e0000000,0x00000000ea000000)
  from space 9728K, 99% used [0x00000000eab80000,0x00000000eb4f9ee8,0x00000000eb500000)
  to   space 11776K, 0% used [0x00000000ea000000,0x00000000ea000000,0x00000000eab80000)
 ParOldGen       total 51200K, used 11990K [0x00000000a0000000, 0x00000000a3200000, 0x00000000e0000000)
  object space 51200K, 23% used [0x00000000a0000000,0x00000000a0bb5ab8,0x00000000a3200000)
 Metaspace       used 34630K, capacity 35372K, committed 35496K, reserved 1079296K
  class space    used 4665K, capacity 4857K, committed 4864K, reserved 1048576K
}
Event: 11.049 GC heap before
{Heap before GC invocations=10 (full 2):
 PSYoungGen      total 173568K, used 9703K [0x00000000e0000000, 0x00000000eca80000, 0x0000000100000000)
  eden space 163840K, 0% used [0x00000000e0000000,0x00000000e0000000,0x00000000ea000000)
  from space 9728K, 99% used [0x00000000eab80000,0x00000000eb4f9ee8,0x00000000eb500000)
  to   space 11776K, 0% used [0x00000000ea000000,0x00000000ea000000,0x00000000eab80000)
 ParOldGen       total 51200K, used 11990K [0x00000000a0000000, 0x00000000a3200000, 0x00000000e0000000)
  object space 51200K, 23% used [0x00000000a0000000,0x00000000a0bb5ab8,0x00000000a3200000)
 Metaspace       used 34630K, capacity 35372K, committed 35496K, reserved 1079296K
  class space    used 4665K, capacity 4857K, committed 4864K, reserved 1048576K
Event: 11.210 GC heap after
Heap after GC invocations=10 (full 2):
 PSYoungGen      total 173568K, used 0K [0x00000000e0000000, 0x00000000eca80000, 0x0000000100000000)
  eden space 163840K, 0% used [0x00000000e0000000,0x00000000e0000000,0x00000000ea000000)
  from space 9728K, 0% used [0x00000000eab80000,0x00000000eab80000,0x00000000eb500000)
  to   space 11776K, 0% used [0x00000000ea000000,0x00000000ea000000,0x00000000eab80000)
 ParOldGen       total 76800K, used 19097K [0x00000000a0000000, 0x00000000a4b00000, 0x00000000e0000000)
  object space 76800K, 24% used [0x00000000a0000000,0x00000000a12a6640,0x00000000a4b00000)
 Metaspace       used 34630K, capacity 35372K, committed 35496K, reserved 1079296K
  class space    used 4665K, capacity 4857K, committed 4864K, reserved 1048576K
}
Event: 14.198 GC heap before
{Heap before GC invocations=11 (full 2):
 PSYoungGen      total 173568K, used 163840K [0x00000000e0000000, 0x00000000eca80000, 0x0000000100000000)
  eden space 163840K, 100% used [0x00000000e0000000,0x00000000ea000000,0x00000000ea000000)
  from space 9728K, 0% used [0x00000000eab80000,0x00000000eab80000,0x00000000eb500000)
  to   space 11776K, 0% used [0x00000000ea000000,0x00000000ea000000,0x00000000eab80000)
 ParOldGen       total 76800K, used 19097K [0x00000000a0000000, 0x00000000a4b00000, 0x00000000e0000000)
  object space 76800K, 24% used [0x00000000a0000000,0x00000000a12a6640,0x00000000a4b00000)
 Metaspace       used 44746K, capacity 45934K, committed 46080K, reserved 1089536K
  class space    used 6023K, capacity 6289K, committed 6400K, reserved 1048576K
Event: 14.238 GC heap after
Heap after GC invocations=11 (full 2):
 PSYoungGen      total 175616K, used 11765K [0x00000000e0000000, 0x00000000eec80000, 0x0000000100000000)
  eden space 163840K, 0% used [0x00000000e0000000,0x00000000e0000000,0x00000000ea000000)
  from space 11776K, 99% used [0x00000000ea000000,0x00000000eab7d700,0x00000000eab80000)
  to   space 14336K, 0% used [0x00000000ede80000,0x00000000ede80000,0x00000000eec80000)
 ParOldGen       total 76800K, used 22658K [0x00000000a0000000, 0x00000000a4b00000, 0x00000000e0000000)
  object space 76800K, 29% used [0x00000000a0000000,0x00000000a16208a8,0x00000000a4b00000)
 Metaspace       used 44746K, capacity 45934K, committed 46080K, reserved 1089536K
  class space    used 6023K, capacity 6289K, committed 6400K, reserved 1048576K
}
Event: 17.091 GC heap before
{Heap before GC invocations=12 (full 2):
 PSYoungGen      total 175616K, used 175326K [0x00000000e0000000, 0x00000000eec80000, 0x0000000100000000)
  eden space 163840K, 99% used [0x00000000e0000000,0x00000000e9fba4b0,0x00000000ea000000)
  from space 11776K, 99% used [0x00000000ea000000,0x00000000eab7d700,0x00000000eab80000)
  to   space 14336K, 0% used [0x00000000ede80000,0x00000000ede80000,0x00000000eec80000)
 ParOldGen       total 76800K, used 22658K [0x00000000a0000000, 0x00000000a4b00000, 0x00000000e0000000)
  object space 76800K, 29% used [0x00000000a0000000,0x00000000a16208a8,0x00000000a4b00000)
 Metaspace       used 51696K, capacity 53678K, committed 53888K, reserved 1095680K
  class space    used 7081K, capacity 7546K, committed 7552K, reserved 1048576K
Event: 17.165 GC heap after
Heap after GC invocations=12 (full 2):
 PSYoungGen      total 220160K, used 14305K [0x00000000e0000000, 0x00000000efb80000, 0x0000000100000000)
  eden space 205824K, 0% used [0x00000000e0000000,0x00000000e0000000,0x00000000ec900000)
  from space 14336K, 99% used [0x00000000ede80000,0x00000000eec78650,0x00000000eec80000)
  to   space 22016K, 0% used [0x00000000ec900000,0x00000000ec900000,0x00000000ede80000)
 ParOldGen       total 76800K, used 38448K [0x00000000a0000000, 0x00000000a4b00000, 0x00000000e0000000)
  object space 76800K, 50% used [0x00000000a0000000,0x00000000a258c338,0x00000000a4b00000)
 Metaspace       used 51696K, capacity 53678K, committed 53888K, reserved 1095680K
  class space    used 7081K, capacity 7546K, committed 7552K, reserved 1048576K
}
Event: 17.165 GC heap before
{Heap before GC invocations=13 (full 3):
 PSYoungGen      total 220160K, used 14305K [0x00000000e0000000, 0x00000000efb80000, 0x0000000100000000)
  eden space 205824K, 0% used [0x00000000e0000000,0x00000000e0000000,0x00000000ec900000)
  from space 14336K, 99% used [0x00000000ede80000,0x00000000eec78650,0x00000000eec80000)
  to   space 22016K, 0% used [0x00000000ec900000,0x00000000ec900000,0x00000000ede80000)
 ParOldGen       total 76800K, used 38448K [0x00000000a0000000, 0x00000000a4b00000, 0x00000000e0000000)
  object space 76800K, 50% used [0x00000000a0000000,0x00000000a258c338,0x00000000a4b00000)
 Metaspace       used 51696K, capacity 53678K, committed 53888K, reserved 1095680K
  class space    used 7081K, capacity 7546K, committed 7552K, reserved 1048576K
Event: 17.670 GC heap after
Heap after GC invocations=13 (full 3):
 PSYoungGen      total 220160K, used 0K [0x00000000e0000000, 0x00000000efb80000, 0x0000000100000000)
  eden space 205824K, 0% used [0x00000000e0000000,0x00000000e0000000,0x00000000ec900000)
  from space 14336K, 0% used [0x00000000ede80000,0x00000000ede80000,0x00000000eec80000)
  to   space 22016K, 0% used [0x00000000ec900000,0x00000000ec900000,0x00000000ede80000)
 ParOldGen       total 76800K, used 43518K [0x00000000a0000000, 0x00000000a4b00000, 0x00000000e0000000)
  object space 76800K, 56% used [0x00000000a0000000,0x00000000a2a7fbb0,0x00000000a4b00000)
 Metaspace       used 51696K, capacity 53678K, committed 53888K, reserved 1095680K
  class space    used 7081K, capacity 7546K, committed 7552K, reserved 1048576K
}

