# JRE version: OpenJDK Runtime Environment (8.0_76-b03) (build 1.8.0_76-release-b03)
# Java VM: OpenJDK 64-Bit Server VM (25.76-b03 mixed mode windows-amd64 compressed oops)
Heap:
 PSYoungGen      total 162816K, used 125647K [0x00000000e0000000, 0x00000000edb80000, 0x0000000100000000)
  eden space 151040K, 75% used [0x00000000e0000000,0x00000000e6f3bbf8,0x00000000e9380000)
  from space 11776K, 99% used [0x00000000e9380000,0x00000000e9ef82b0,0x00000000e9f00000)
  to   space 13824K, 0% used [0x00000000ece00000,0x00000000ece00000,0x00000000edb80000)
 ParOldGen       total 79360K, used 20936K [0x00000000a0000000, 0x00000000a4d80000, 0x00000000e0000000)
  object space 79360K, 26% used [0x00000000a0000000,0x00000000a1472090,0x00000000a4d80000)
 Metaspace       used 49030K, capacity 50362K, committed 50688K, reserved 1093632K
  class space    used 6534K, capacity 6853K, committed 6912K, reserved 1048576K
GC Heap History (10 events):
Event: 7.827 GC heap before
{Heap before GC invocations=7 (full 1):
 PSYoungGen      total 61952K, used 57344K [0x00000000e0000000, 0x00000000e8300000, 0x0000000100000000)
  eden space 57344K, 100% used [0x00000000e0000000,0x00000000e3800000,0x00000000e3800000)
  from space 4608K, 0% used [0x00000000e3800000,0x00000000e3800000,0x00000000e3c80000)
  to   space 9728K, 0% used [0x00000000e7980000,0x00000000e7980000,0x00000000e8300000)
 ParOldGen       total 49664K, used 7475K [0x00000000a0000000, 0x00000000a3080000, 0x00000000e0000000)
  object space 49664K, 15% used [0x00000000a0000000,0x00000000a074cc48,0x00000000a3080000)
 Metaspace       used 25362K, capacity 25858K, committed 26240K, reserved 1071104K
  class space    used 3477K, capacity 3611K, committed 3712K, reserved 1048576K
Event: 7.850 GC heap after
Heap after GC invocations=7 (full 1):
 PSYoungGen      total 102400K, used 6752K [0x00000000e0000000, 0x00000000e8080000, 0x0000000100000000)
  eden space 95232K, 0% used [0x00000000e0000000,0x00000000e0000000,0x00000000e5d00000)
  from space 7168K, 94% used [0x00000000e7980000,0x00000000e8018070,0x00000000e8080000)
  to   space 9728K, 0% used [0x00000000e6d80000,0x00000000e6d80000,0x00000000e7700000)
 ParOldGen       total 49664K, used 7475K [0x00000000a0000000, 0x00000000a3080000, 0x00000000e0000000)
  object space 49664K, 15% used [0x00000000a0000000,0x00000000a074cc48,0x00000000a3080000)
 Metaspace       used 25362K, capacity 25858K, committed 26240K, reserved 1071104K
  class space    used 3477K, capacity 3611K, committed 3712K, reserved 1048576K
}
Event: 10.212 GC heap before
{Heap before GC invocations=8 (full 1):
 PSYoungGen      total 102400K, used 101984K [0x00000000e0000000, 0x00000000e8080000, 0x0000000100000000)
  eden space 95232K, 100% used [0x00000000e0000000,0x00000000e5d00000,0x00000000e5d00000)
  from space 7168K, 94% used [0x00000000e7980000,0x00000000e8018070,0x00000000e8080000)
  to   space 9728K, 0% used [0x00000000e6d80000,0x00000000e6d80000,0x00000000e7700000)
 ParOldGen       total 49664K, used 7475K [0x00000000a0000000, 0x00000000a3080000, 0x00000000e0000000)
  object space 49664K, 15% used [0x00000000a0000000,0x00000000a074cc48,0x00000000a3080000)
 Metaspace       used 28110K, capacity 28538K, committed 28800K, reserved 1075200K
  class space    used 3810K, capacity 3967K, committed 3968K, reserved 1048576K
Event: 10.235 GC heap after
Heap after GC invocations=8 (full 1):
 PSYoungGen      total 121856K, used 5952K [0x00000000e0000000, 0x00000000ea800000, 0x0000000100000000)
  eden space 112128K, 0% used [0x00000000e0000000,0x00000000e0000000,0x00000000e6d80000)
  from space 9728K, 61% used [0x00000000e6d80000,0x00000000e7350060,0x00000000e7700000)
  to   space 9216K, 0% used [0x00000000e9f00000,0x00000000e9f00000,0x00000000ea800000)
 ParOldGen       total 49664K, used 7483K [0x00000000a0000000, 0x00000000a3080000, 0x00000000e0000000)
  object space 49664K, 15% used [0x00000000a0000000,0x00000000a074ec48,0x00000000a3080000)
 Metaspace       used 28110K, capacity 28538K, committed 28800K, reserved 1075200K
  class space    used 3810K, capacity 3967K, committed 3968K, reserved 1048576K
}
Event: 12.823 GC heap before
{Heap before GC invocations=9 (full 1):
 PSYoungGen      total 121856K, used 93259K [0x00000000e0000000, 0x00000000ea800000, 0x0000000100000000)
  eden space 112128K, 77% used [0x00000000e0000000,0x00000000e5542bc8,0x00000000e6d80000)
  from space 9728K, 61% used [0x00000000e6d80000,0x00000000e7350060,0x00000000e7700000)
  to   space 9216K, 0% used [0x00000000e9f00000,0x00000000e9f00000,0x00000000ea800000)
 ParOldGen       total 49664K, used 7483K [0x00000000a0000000, 0x00000000a3080000, 0x00000000e0000000)
  object space 49664K, 15% used [0x00000000a0000000,0x00000000a074ec48,0x00000000a3080000)
 Metaspace       used 34656K, capacity 35262K, committed 35496K, reserved 1079296K
  class space    used 4642K, capacity 4824K, committed 4864K, reserved 1048576K
Event: 12.849 GC heap after
Heap after GC invocations=9 (full 1):
 PSYoungGen      total 160256K, used 9213K [0x00000000e0000000, 0x00000000ec280000, 0x0000000100000000)
  eden space 151040K, 0% used [0x00000000e0000000,0x00000000e0000000,0x00000000e9380000)
  from space 9216K, 99% used [0x00000000e9f00000,0x00000000ea7ff738,0x00000000ea800000)
  to   space 11776K, 0% used [0x00000000e9380000,0x00000000e9380000,0x00000000e9f00000)
 ParOldGen       total 49664K, used 10649K [0x00000000a0000000, 0x00000000a3080000, 0x00000000e0000000)
  object space 49664K, 21% used [0x00000000a0000000,0x00000000a0a66568,0x00000000a3080000)
 Metaspace       used 34656K, capacity 35262K, committed 35496K, reserved 1079296K
  class space    used 4642K, capacity 4824K, committed 4864K, reserved 1048576K
}
Event: 12.849 GC heap before
{Heap before GC invocations=10 (full 2):
 PSYoungGen      total 160256K, used 9213K [0x00000000e0000000, 0x00000000ec280000, 0x0000000100000000)
  eden space 151040K, 0% used [0x00000000e0000000,0x00000000e0000000,0x00000000e9380000)
  from space 9216K, 99% used [0x00000000e9f00000,0x00000000ea7ff738,0x00000000ea800000)
  to   space 11776K, 0% used [0x00000000e9380000,0x00000000e9380000,0x00000000e9f00000)
 ParOldGen       total 49664K, used 10649K [0x00000000a0000000, 0x00000000a3080000, 0x00000000e0000000)
  object space 49664K, 21% used [0x00000000a0000000,0x00000000a0a66568,0x00000000a3080000)
 Metaspace       used 34656K, capacity 35262K, committed 35496K, reserved 1079296K
  class space    used 4642K, capacity 4824K, committed 4864K, reserved 1048576K
Event: 13.025 GC heap after
Heap after GC invocations=10 (full 2):
 PSYoungGen      total 160256K, used 0K [0x00000000e0000000, 0x00000000ec280000, 0x0000000100000000)
  eden space 151040K, 0% used [0x00000000e0000000,0x00000000e0000000,0x00000000e9380000)
  from space 9216K, 0% used [0x00000000e9f00000,0x00000000e9f00000,0x00000000ea800000)
  to   space 11776K, 0% used [0x00000000e9380000,0x00000000e9380000,0x00000000e9f00000)
 ParOldGen       total 79360K, used 18891K [0x00000000a0000000, 0x00000000a4d80000, 0x00000000e0000000)
  object space 79360K, 23% used [0x00000000a0000000,0x00000000a1272ea0,0x00000000a4d80000)
 Metaspace       used 34656K, capacity 35262K, committed 35496K, reserved 1079296K
  class space    used 4642K, capacity 4824K, committed 4864K, reserved 1048576K
}
Event: 16.366 GC heap before
{Heap before GC invocations=11 (full 2):
 PSYoungGen      total 160256K, used 151040K [0x00000000e0000000, 0x00000000ec280000, 0x0000000100000000)
  eden space 151040K, 100% used [0x00000000e0000000,0x00000000e9380000,0x00000000e9380000)
  from space 9216K, 0% used [0x00000000e9f00000,0x00000000e9f00000,0x00000000ea800000)
  to   space 11776K, 0% used [0x00000000e9380000,0x00000000e9380000,0x00000000e9f00000)
 ParOldGen       total 79360K, used 18891K [0x00000000a0000000, 0x00000000a4d80000, 0x00000000e0000000)
  object space 79360K, 23% used [0x00000000a0000000,0x00000000a1272ea0,0x00000000a4d80000)
 Metaspace       used 44260K, capacity 45288K, committed 45440K, reserved 1089536K
  class space    used 5936K, capacity 6172K, committed 6272K, reserved 1048576K
Event: 16.418 GC heap after
Heap after GC invocations=11 (full 2):
 PSYoungGen      total 162816K, used 11744K [0x00000000e0000000, 0x00000000edb80000, 0x0000000100000000)
  eden space 151040K, 0% used [0x00000000e0000000,0x00000000e0000000,0x00000000e9380000)
  from space 11776K, 99% used [0x00000000e9380000,0x00000000e9ef82b0,0x00000000e9f00000)
  to   space 13824K, 0% used [0x00000000ece00000,0x00000000ece00000,0x00000000edb80000)
 ParOldGen       total 79360K, used 20936K [0x00000000a0000000, 0x00000000a4d80000, 0x00000000e0000000)
  object space 79360K, 26% used [0x00000000a0000000,0x00000000a1472090,0x00000000a4d80000)
 Metaspace       used 44260K, capacity 45288K, committed 45440K, reserved 1089536K
  class space    used 5936K, capacity 6172K, committed 6272K, reserved 1048576K
}

