# JRE version: OpenJDK Runtime Environment (8.0_76-b03) (build 1.8.0_76-release-b03)
# Java VM: OpenJDK 64-Bit Server VM (25.76-b03 mixed mode windows-amd64 compressed oops)
Heap:
 PSYoungGen      total 172032K, used 122375K [0x00000000e0000000, 0x00000000eca00000, 0x0000000100000000)
  eden space 155136K, 78% used [0x00000000e0000000,0x00000000e7781f10,0x00000000e9780000)
  from space 16896K, 0% used [0x00000000e9780000,0x00000000e9780000,0x00000000ea800000)
  to   space 21504K, 0% used [0x00000000eb500000,0x00000000eb500000,0x00000000eca00000)
 ParOldGen       total 87040K, used 40367K [0x00000000a0000000, 0x00000000a5500000, 0x00000000e0000000)
  object space 87040K, 46% used [0x00000000a0000000,0x00000000a276be20,0x00000000a5500000)
 Metaspace       used 53668K, capacity 55774K, committed 55936K, reserved 1097728K
  class space    used 7254K, capacity 7716K, committed 7808K, reserved 1048576K
GC Heap History (10 events):
Event: 25.108 GC heap before
{Heap before GC invocations=10 (full 2):
 PSYoungGen      total 136192K, used 9720K [0x00000000e0000000, 0x00000000eb380000, 0x0000000100000000)
  eden space 126464K, 0% used [0x00000000e0000000,0x00000000e0000000,0x00000000e7b80000)
  from space 9728K, 99% used [0x00000000e8700000,0x00000000e907e0d0,0x00000000e9080000)
  to   space 11776K, 0% used [0x00000000e7b80000,0x00000000e7b80000,0x00000000e8700000)
 ParOldGen       total 56320K, used 12145K [0x00000000a0000000, 0x00000000a3700000, 0x00000000e0000000)
  object space 56320K, 21% used [0x00000000a0000000,0x00000000a0bdc5c0,0x00000000a3700000)
 Metaspace       used 34620K, capacity 35366K, committed 35496K, reserved 1079296K
  class space    used 4650K, capacity 4856K, committed 4864K, reserved 1048576K
Event: 25.334 GC heap after
Heap after GC invocations=10 (full 2):
 PSYoungGen      total 136192K, used 0K [0x00000000e0000000, 0x00000000eb380000, 0x0000000100000000)
  eden space 126464K, 0% used [0x00000000e0000000,0x00000000e0000000,0x00000000e7b80000)
  from space 9728K, 0% used [0x00000000e8700000,0x00000000e8700000,0x00000000e9080000)
  to   space 11776K, 0% used [0x00000000e7b80000,0x00000000e7b80000,0x00000000e8700000)
 ParOldGen       total 87040K, used 19256K [0x00000000a0000000, 0x00000000a5500000, 0x00000000e0000000)
  object space 87040K, 22% used [0x00000000a0000000,0x00000000a12ce2a0,0x00000000a5500000)
 Metaspace       used 34620K, capacity 35366K, committed 35496K, reserved 1079296K
  class space    used 4650K, capacity 4856K, committed 4864K, reserved 1048576K
}
Event: 29.161 GC heap before
{Heap before GC invocations=11 (full 2):
 PSYoungGen      total 136192K, used 126464K [0x00000000e0000000, 0x00000000eb380000, 0x0000000100000000)
  eden space 126464K, 100% used [0x00000000e0000000,0x00000000e7b80000,0x00000000e7b80000)
  from space 9728K, 0% used [0x00000000e8700000,0x00000000e8700000,0x00000000e9080000)
  to   space 11776K, 0% used [0x00000000e7b80000,0x00000000e7b80000,0x00000000e8700000)
 ParOldGen       total 87040K, used 19256K [0x00000000a0000000, 0x00000000a5500000, 0x00000000e0000000)
  object space 87040K, 22% used [0x00000000a0000000,0x00000000a12ce2a0,0x00000000a5500000)
 Metaspace       used 42965K, capacity 43892K, committed 44160K, reserved 1087488K
  class space    used 5720K, capacity 5942K, committed 6016K, reserved 1048576K
Event: 29.186 GC heap after
Heap after GC invocations=11 (full 2):
 PSYoungGen      total 138240K, used 10458K [0x00000000e0000000, 0x00000000eb480000, 0x0000000100000000)
  eden space 126464K, 0% used [0x00000000e0000000,0x00000000e0000000,0x00000000e7b80000)
  from space 11776K, 88% used [0x00000000e7b80000,0x00000000e85b6b60,0x00000000e8700000)
  to   space 12800K, 0% used [0x00000000ea800000,0x00000000ea800000,0x00000000eb480000)
 ParOldGen       total 87040K, used 19328K [0x00000000a0000000, 0x00000000a5500000, 0x00000000e0000000)
  object space 87040K, 22% used [0x00000000a0000000,0x00000000a12e02b0,0x00000000a5500000)
 Metaspace       used 42965K, capacity 43892K, committed 44160K, reserved 1087488K
  class space    used 5720K, capacity 5942K, committed 6016K, reserved 1048576K
}
Event: 34.729 GC heap before
{Heap before GC invocations=12 (full 2):
 PSYoungGen      total 138240K, used 136922K [0x00000000e0000000, 0x00000000eb480000, 0x0000000100000000)
  eden space 126464K, 100% used [0x00000000e0000000,0x00000000e7b80000,0x00000000e7b80000)
  from space 11776K, 88% used [0x00000000e7b80000,0x00000000e85b6b60,0x00000000e8700000)
  to   space 12800K, 0% used [0x00000000ea800000,0x00000000ea800000,0x00000000eb480000)
 ParOldGen       total 87040K, used 19328K [0x00000000a0000000, 0x00000000a5500000, 0x00000000e0000000)
  object space 87040K, 22% used [0x00000000a0000000,0x00000000a12e02b0,0x00000000a5500000)
 Metaspace       used 49505K, capacity 50878K, committed 51072K, reserved 1093632K
  class space    used 6670K, capacity 6997K, committed 7040K, reserved 1048576K
Event: 34.906 GC heap after
Heap after GC invocations=12 (full 2):
 PSYoungGen      total 167936K, used 12771K [0x00000000e0000000, 0x00000000ec100000, 0x0000000100000000)
  eden space 155136K, 0% used [0x00000000e0000000,0x00000000e0000000,0x00000000e9780000)
  from space 12800K, 99% used [0x00000000ea800000,0x00000000eb478e98,0x00000000eb480000)
  to   space 16896K, 0% used [0x00000000e9780000,0x00000000e9780000,0x00000000ea800000)
 ParOldGen       total 87040K, used 26564K [0x00000000a0000000, 0x00000000a5500000, 0x00000000e0000000)
  object space 87040K, 30% used [0x00000000a0000000,0x00000000a19f1148,0x00000000a5500000)
 Metaspace       used 49505K, capacity 50878K, committed 51072K, reserved 1093632K
  class space    used 6670K, capacity 6997K, committed 7040K, reserved 1048576K
}
Event: 37.240 GC heap before
{Heap before GC invocations=13 (full 2):
 PSYoungGen      total 167936K, used 90336K [0x00000000e0000000, 0x00000000ec100000, 0x0000000100000000)
  eden space 155136K, 49% used [0x00000000e0000000,0x00000000e4bbf560,0x00000000e9780000)
  from space 12800K, 99% used [0x00000000ea800000,0x00000000eb478e98,0x00000000eb480000)
  to   space 16896K, 0% used [0x00000000e9780000,0x00000000e9780000,0x00000000ea800000)
 ParOldGen       total 87040K, used 26564K [0x00000000a0000000, 0x00000000a5500000, 0x00000000e0000000)
  object space 87040K, 30% used [0x00000000a0000000,0x00000000a19f1148,0x00000000a5500000)
 Metaspace       used 51761K, capacity 53738K, committed 53888K, reserved 1095680K
  class space    used 7073K, capacity 7544K, committed 7552K, reserved 1048576K
Event: 37.315 GC heap after
Heap after GC invocations=13 (full 2):
 PSYoungGen      total 172032K, used 16881K [0x00000000e0000000, 0x00000000eca00000, 0x0000000100000000)
  eden space 155136K, 0% used [0x00000000e0000000,0x00000000e0000000,0x00000000e9780000)
  from space 16896K, 99% used [0x00000000e9780000,0x00000000ea7fc670,0x00000000ea800000)
  to   space 21504K, 0% used [0x00000000eb500000,0x00000000eb500000,0x00000000eca00000)
 ParOldGen       total 87040K, used 33305K [0x00000000a0000000, 0x00000000a5500000, 0x00000000e0000000)
  object space 87040K, 38% used [0x00000000a0000000,0x00000000a2086408,0x00000000a5500000)
 Metaspace       used 51761K, capacity 53738K, committed 53888K, reserved 1095680K
  class space    used 7073K, capacity 7544K, committed 7552K, reserved 1048576K
}
Event: 37.315 GC heap before
{Heap before GC invocations=14 (full 3):
 PSYoungGen      total 172032K, used 16881K [0x00000000e0000000, 0x00000000eca00000, 0x0000000100000000)
  eden space 155136K, 0% used [0x00000000e0000000,0x00000000e0000000,0x00000000e9780000)
  from space 16896K, 99% used [0x00000000e9780000,0x00000000ea7fc670,0x00000000ea800000)
  to   space 21504K, 0% used [0x00000000eb500000,0x00000000eb500000,0x00000000eca00000)
 ParOldGen       total 87040K, used 33305K [0x00000000a0000000, 0x00000000a5500000, 0x00000000e0000000)
  object space 87040K, 38% used [0x00000000a0000000,0x00000000a2086408,0x00000000a5500000)
 Metaspace       used 51761K, capacity 53738K, committed 53888K, reserved 1095680K
  class space    used 7073K, capacity 7544K, committed 7552K, reserved 1048576K
Event: 37.960 GC heap after
Heap after GC invocations=14 (full 3):
 PSYoungGen      total 172032K, used 0K [0x00000000e0000000, 0x00000000eca00000, 0x0000000100000000)
  eden space 155136K, 0% used [0x00000000e0000000,0x00000000e0000000,0x00000000e9780000)
  from space 16896K, 0% used [0x00000000e9780000,0x00000000e9780000,0x00000000ea800000)
  to   space 21504K, 0% used [0x00000000eb500000,0x00000000eb500000,0x00000000eca00000)
 ParOldGen       total 87040K, used 40367K [0x00000000a0000000, 0x00000000a5500000, 0x00000000e0000000)
  object space 87040K, 46% used [0x00000000a0000000,0x00000000a276be20,0x00000000a5500000)
 Metaspace       used 51761K, capacity 53738K, committed 53888K, reserved 1095680K
  class space    used 7073K, capacity 7544K, committed 7552K, reserved 1048576K
}

