# JRE version: OpenJDK Runtime Environment (8.0_76-b03) (build 1.8.0_76-release-b03)
# Java VM: OpenJDK 64-Bit Server VM (25.76-b03 mixed mode windows-amd64 compressed oops)
Heap:
 PSYoungGen      total 220672K, used 124111K [0x00000000e0000000, 0x00000000efb00000, 0x0000000100000000)
  eden space 205824K, 60% used [0x00000000e0000000,0x00000000e7933c48,0x00000000ec900000)
  from space 14848K, 0% used [0x00000000ede80000,0x00000000ede80000,0x00000000eed00000)
  to   space 22016K, 0% used [0x00000000ec900000,0x00000000ec900000,0x00000000ede80000)
 ParOldGen       total 77312K, used 43505K [0x00000000a0000000, 0x00000000a4b80000, 0x00000000e0000000)
  object space 77312K, 56% used [0x00000000a0000000,0x00000000a2a7c530,0x00000000a4b80000)
 Metaspace       used 53735K, capacity 55858K, committed 56112K, reserved 1097728K
  class space    used 7275K, capacity 7720K, committed 7728K, reserved 1048576K
GC Heap History (10 events):
Event: 14.903 GC heap before
{Heap before GC invocations=9 (full 1):
 PSYoungGen      total 121856K, used 89869K [0x00000000e0000000, 0x00000000eb480000, 0x0000000100000000)
  eden space 111616K, 74% used [0x00000000e0000000,0x00000000e511a2d8,0x00000000e6d00000)
  from space 10240K, 66% used [0x00000000e6d00000,0x00000000e73a9518,0x00000000e7700000)
  to   space 9728K, 0% used [0x00000000eab00000,0x00000000eab00000,0x00000000eb480000)
 ParOldGen       total 49664K, used 8276K [0x00000000a0000000, 0x00000000a3080000, 0x00000000e0000000)
  object space 49664K, 16% used [0x00000000a0000000,0x00000000a0815020,0x00000000a3080000)
 Metaspace       used 34654K, capacity 35332K, committed 35496K, reserved 1079296K
  class space    used 4659K, capacity 4861K, committed 4912K, reserved 1048576K
Event: 14.925 GC heap after
Heap after GC invocations=9 (full 1):
 PSYoungGen      total 173056K, used 9720K [0x00000000e0000000, 0x00000000ec900000, 0x0000000100000000)
  eden space 163328K, 0% used [0x00000000e0000000,0x00000000e0000000,0x00000000e9f80000)
  from space 9728K, 99% used [0x00000000eab00000,0x00000000eb47e200,0x00000000eb480000)
  to   space 11776K, 0% used [0x00000000e9f80000,0x00000000e9f80000,0x00000000eab00000)
 ParOldGen       total 49664K, used 10125K [0x00000000a0000000, 0x00000000a3080000, 0x00000000e0000000)
  object space 49664K, 20% used [0x00000000a0000000,0x00000000a09e3520,0x00000000a3080000)
 Metaspace       used 34654K, capacity 35332K, committed 35496K, reserved 1079296K
  class space    used 4659K, capacity 4861K, committed 4912K, reserved 1048576K
}
Event: 14.925 GC heap before
{Heap before GC invocations=10 (full 2):
 PSYoungGen      total 173056K, used 9720K [0x00000000e0000000, 0x00000000ec900000, 0x0000000100000000)
  eden space 163328K, 0% used [0x00000000e0000000,0x00000000e0000000,0x00000000e9f80000)
  from space 9728K, 99% used [0x00000000eab00000,0x00000000eb47e200,0x00000000eb480000)
  to   space 11776K, 0% used [0x00000000e9f80000,0x00000000e9f80000,0x00000000eab00000)
 ParOldGen       total 49664K, used 10125K [0x00000000a0000000, 0x00000000a3080000, 0x00000000e0000000)
  object space 49664K, 20% used [0x00000000a0000000,0x00000000a09e3520,0x00000000a3080000)
 Metaspace       used 34654K, capacity 35332K, committed 35496K, reserved 1079296K
  class space    used 4659K, capacity 4861K, committed 4912K, reserved 1048576K
Event: 15.108 GC heap after
Heap after GC invocations=10 (full 2):
 PSYoungGen      total 173056K, used 0K [0x00000000e0000000, 0x00000000ec900000, 0x0000000100000000)
  eden space 163328K, 0% used [0x00000000e0000000,0x00000000e0000000,0x00000000e9f80000)
  from space 9728K, 0% used [0x00000000eab00000,0x00000000eab00000,0x00000000eb480000)
  to   space 11776K, 0% used [0x00000000e9f80000,0x00000000e9f80000,0x00000000eab00000)
 ParOldGen       total 77312K, used 19011K [0x00000000a0000000, 0x00000000a4b80000, 0x00000000e0000000)
  object space 77312K, 24% used [0x00000000a0000000,0x00000000a1290f70,0x00000000a4b80000)
 Metaspace       used 34654K, capacity 35332K, committed 35496K, reserved 1079296K
  class space    used 4659K, capacity 4861K, committed 4912K, reserved 1048576K
}
Event: 18.562 GC heap before
{Heap before GC invocations=11 (full 2):
 PSYoungGen      total 173056K, used 163328K [0x00000000e0000000, 0x00000000ec900000, 0x0000000100000000)
  eden space 163328K, 100% used [0x00000000e0000000,0x00000000e9f80000,0x00000000e9f80000)
  from space 9728K, 0% used [0x00000000eab00000,0x00000000eab00000,0x00000000eb480000)
  to   space 11776K, 0% used [0x00000000e9f80000,0x00000000e9f80000,0x00000000eab00000)
 ParOldGen       total 77312K, used 19011K [0x00000000a0000000, 0x00000000a4b80000, 0x00000000e0000000)
  object space 77312K, 24% used [0x00000000a0000000,0x00000000a1290f70,0x00000000a4b80000)
 Metaspace       used 44915K, capacity 46050K, committed 46256K, reserved 1089536K
  class space    used 6041K, capacity 6297K, committed 6320K, reserved 1048576K
Event: 18.620 GC heap after
Heap after GC invocations=11 (full 2):
 PSYoungGen      total 175104K, used 11759K [0x00000000e0000000, 0x00000000eed00000, 0x0000000100000000)
  eden space 163328K, 0% used [0x00000000e0000000,0x00000000e0000000,0x00000000e9f80000)
  from space 11776K, 99% used [0x00000000e9f80000,0x00000000eaafbcd0,0x00000000eab00000)
  to   space 14848K, 0% used [0x00000000ede80000,0x00000000ede80000,0x00000000eed00000)
 ParOldGen       total 77312K, used 22898K [0x00000000a0000000, 0x00000000a4b80000, 0x00000000e0000000)
  object space 77312K, 29% used [0x00000000a0000000,0x00000000a165cb10,0x00000000a4b80000)
 Metaspace       used 44915K, capacity 46050K, committed 46256K, reserved 1089536K
  class space    used 6041K, capacity 6297K, committed 6320K, reserved 1048576K
}
Event: 25.557 GC heap before
{Heap before GC invocations=12 (full 2):
 PSYoungGen      total 175104K, used 174385K [0x00000000e0000000, 0x00000000eed00000, 0x0000000100000000)
  eden space 163328K, 99% used [0x00000000e0000000,0x00000000e9ed0970,0x00000000e9f80000)
  from space 11776K, 99% used [0x00000000e9f80000,0x00000000eaafbcd0,0x00000000eab00000)
  to   space 14848K, 0% used [0x00000000ede80000,0x00000000ede80000,0x00000000eed00000)
 ParOldGen       total 77312K, used 22898K [0x00000000a0000000, 0x00000000a4b80000, 0x00000000e0000000)
  object space 77312K, 29% used [0x00000000a0000000,0x00000000a165cb10,0x00000000a4b80000)
 Metaspace       used 51843K, capacity 53840K, committed 53936K, reserved 1095680K
  class space    used 7094K, capacity 7579K, committed 7600K, reserved 1048576K
Event: 25.675 GC heap after
Heap after GC invocations=12 (full 2):
 PSYoungGen      total 220672K, used 14817K [0x00000000e0000000, 0x00000000efb00000, 0x0000000100000000)
  eden space 205824K, 0% used [0x00000000e0000000,0x00000000e0000000,0x00000000ec900000)
  from space 14848K, 99% used [0x00000000ede80000,0x00000000eecf8468,0x00000000eed00000)
  to   space 22016K, 0% used [0x00000000ec900000,0x00000000ec900000,0x00000000ede80000)
 ParOldGen       total 77312K, used 38109K [0x00000000a0000000, 0x00000000a4b80000, 0x00000000e0000000)
  object space 77312K, 49% used [0x00000000a0000000,0x00000000a2537788,0x00000000a4b80000)
 Metaspace       used 51843K, capacity 53840K, committed 53936K, reserved 1095680K
  class space    used 7094K, capacity 7579K, committed 7600K, reserved 1048576K
}
Event: 25.675 GC heap before
{Heap before GC invocations=13 (full 3):
 PSYoungGen      total 220672K, used 14817K [0x00000000e0000000, 0x00000000efb00000, 0x0000000100000000)
  eden space 205824K, 0% used [0x00000000e0000000,0x00000000e0000000,0x00000000ec900000)
  from space 14848K, 99% used [0x00000000ede80000,0x00000000eecf8468,0x00000000eed00000)
  to   space 22016K, 0% used [0x00000000ec900000,0x00000000ec900000,0x00000000ede80000)
 ParOldGen       total 77312K, used 38109K [0x00000000a0000000, 0x00000000a4b80000, 0x00000000e0000000)
  object space 77312K, 49% used [0x00000000a0000000,0x00000000a2537788,0x00000000a4b80000)
 Metaspace       used 51843K, capacity 53840K, committed 53936K, reserved 1095680K
  class space    used 7094K, capacity 7579K, committed 7600K, reserved 1048576K
Event: 26.267 GC heap after
Heap after GC invocations=13 (full 3):
 PSYoungGen      total 220672K, used 0K [0x00000000e0000000, 0x00000000efb00000, 0x0000000100000000)
  eden space 205824K, 0% used [0x00000000e0000000,0x00000000e0000000,0x00000000ec900000)
  from space 14848K, 0% used [0x00000000ede80000,0x00000000ede80000,0x00000000eed00000)
  to   space 22016K, 0% used [0x00000000ec900000,0x00000000ec900000,0x00000000ede80000)
 ParOldGen       total 77312K, used 43505K [0x00000000a0000000, 0x00000000a4b80000, 0x00000000e0000000)
  object space 77312K, 56% used [0x00000000a0000000,0x00000000a2a7c530,0x00000000a4b80000)
 Metaspace       used 51843K, capacity 53840K, committed 53936K, reserved 1095680K
  class space    used 7094K, capacity 7579K, committed 7600K, reserved 1048576K
}

