# JRE version: OpenJDK Runtime Environment (8.0_76-b03) (build 1.8.0_76-release-b03)
# Java VM: OpenJDK 64-Bit Server VM (25.76-b03 mixed mode windows-amd64 compressed oops)
Heap:
 PSYoungGen      total 146432K, used 140211K [0x00000000e0000000, 0x00000000ec000000, 0x0000000100000000)
  eden space 134656K, 95% used [0x00000000e0000000,0x00000000e7d74e38,0x00000000e8380000)
  from space 11776K, 99% used [0x00000000e8380000,0x00000000e8ef8148,0x00000000e8f00000)
  to   space 13312K, 0% used [0x00000000eb300000,0x00000000eb300000,0x00000000ec000000)
 ParOldGen       total 86016K, used 19196K [0x00000000a0000000, 0x00000000a5400000, 0x00000000e0000000)
  object space 86016K, 22% used [0x00000000a0000000,0x00000000a12bf2e0,0x00000000a5400000)
 Metaspace       used 49096K, capacity 50374K, committed 50736K, reserved 1093632K
  class space    used 6533K, capacity 6847K, committed 6960K, reserved 1048576K
GC Heap History (10 events):
Event: 8.375 GC heap before
{Heap before GC invocations=7 (full 1):
 PSYoungGen      total 61952K, used 57344K [0x00000000e0000000, 0x00000000e8300000, 0x0000000100000000)
  eden space 57344K, 100% used [0x00000000e0000000,0x00000000e3800000,0x00000000e3800000)
  from space 4608K, 0% used [0x00000000e3800000,0x00000000e3800000,0x00000000e3c80000)
  to   space 9728K, 0% used [0x00000000e7980000,0x00000000e7980000,0x00000000e8300000)
 ParOldGen       total 54272K, used 9385K [0x00000000a0000000, 0x00000000a3500000, 0x00000000e0000000)
  object space 54272K, 17% used [0x00000000a0000000,0x00000000a092a5c0,0x00000000a3500000)
 Metaspace       used 25383K, capacity 25870K, committed 26160K, reserved 1071104K
  class space    used 3480K, capacity 3605K, committed 3632K, reserved 1048576K
Event: 8.398 GC heap after
Heap after GC invocations=7 (full 1):
 PSYoungGen      total 97280K, used 6679K [0x00000000e0000000, 0x00000000e8080000, 0x0000000100000000)
  eden space 90112K, 0% used [0x00000000e0000000,0x00000000e0000000,0x00000000e5800000)
  from space 7168K, 93% used [0x00000000e7980000,0x00000000e8005c40,0x00000000e8080000)
  to   space 9728K, 0% used [0x00000000e6d80000,0x00000000e6d80000,0x00000000e7700000)
 ParOldGen       total 54272K, used 9393K [0x00000000a0000000, 0x00000000a3500000, 0x00000000e0000000)
  object space 54272K, 17% used [0x00000000a0000000,0x00000000a092c5c0,0x00000000a3500000)
 Metaspace       used 25383K, capacity 25870K, committed 26160K, reserved 1071104K
  class space    used 3480K, capacity 3605K, committed 3632K, reserved 1048576K
}
Event: 10.768 GC heap before
{Heap before GC invocations=8 (full 1):
 PSYoungGen      total 97280K, used 96791K [0x00000000e0000000, 0x00000000e8080000, 0x0000000100000000)
  eden space 90112K, 100% used [0x00000000e0000000,0x00000000e5800000,0x00000000e5800000)
  from space 7168K, 93% used [0x00000000e7980000,0x00000000e8005c40,0x00000000e8080000)
  to   space 9728K, 0% used [0x00000000e6d80000,0x00000000e6d80000,0x00000000e7700000)
 ParOldGen       total 54272K, used 9393K [0x00000000a0000000, 0x00000000a3500000, 0x00000000e0000000)
  object space 54272K, 17% used [0x00000000a0000000,0x00000000a092c5c0,0x00000000a3500000)
 Metaspace       used 27972K, capacity 28390K, committed 28592K, reserved 1073152K
  class space    used 3791K, capacity 3929K, committed 4016K, reserved 1048576K
Event: 10.796 GC heap after
Heap after GC invocations=8 (full 1):
 PSYoungGen      total 121856K, used 5996K [0x00000000e0000000, 0x00000000e9800000, 0x0000000100000000)
  eden space 112128K, 0% used [0x00000000e0000000,0x00000000e0000000,0x00000000e6d80000)
  from space 9728K, 61% used [0x00000000e6d80000,0x00000000e735b098,0x00000000e7700000)
  to   space 9216K, 0% used [0x00000000e8f00000,0x00000000e8f00000,0x00000000e9800000)
 ParOldGen       total 54272K, used 9401K [0x00000000a0000000, 0x00000000a3500000, 0x00000000e0000000)
  object space 54272K, 17% used [0x00000000a0000000,0x00000000a092e5c0,0x00000000a3500000)
 Metaspace       used 27972K, capacity 28390K, committed 28592K, reserved 1073152K
  class space    used 3791K, capacity 3929K, committed 4016K, reserved 1048576K
}
Event: 13.527 GC heap before
{Heap before GC invocations=9 (full 1):
 PSYoungGen      total 121856K, used 98396K [0x00000000e0000000, 0x00000000e9800000, 0x0000000100000000)
  eden space 112128K, 82% used [0x00000000e0000000,0x00000000e5a3c358,0x00000000e6d80000)
  from space 9728K, 61% used [0x00000000e6d80000,0x00000000e735b098,0x00000000e7700000)
  to   space 9216K, 0% used [0x00000000e8f00000,0x00000000e8f00000,0x00000000e9800000)
 ParOldGen       total 54272K, used 9401K [0x00000000a0000000, 0x00000000a3500000, 0x00000000e0000000)
  object space 54272K, 17% used [0x00000000a0000000,0x00000000a092e5c0,0x00000000a3500000)
 Metaspace       used 34654K, capacity 35210K, committed 35496K, reserved 1079296K
  class space    used 4638K, capacity 4818K, committed 4912K, reserved 1048576K
Event: 13.571 GC heap after
Heap after GC invocations=9 (full 1):
 PSYoungGen      total 143872K, used 9202K [0x00000000e0000000, 0x00000000ebb00000, 0x0000000100000000)
  eden space 134656K, 0% used [0x00000000e0000000,0x00000000e0000000,0x00000000e8380000)
  from space 9216K, 99% used [0x00000000e8f00000,0x00000000e97fc870,0x00000000e9800000)
  to   space 11776K, 0% used [0x00000000e8380000,0x00000000e8380000,0x00000000e8f00000)
 ParOldGen       total 54272K, used 12758K [0x00000000a0000000, 0x00000000a3500000, 0x00000000e0000000)
  object space 54272K, 23% used [0x00000000a0000000,0x00000000a0c75970,0x00000000a3500000)
 Metaspace       used 34654K, capacity 35210K, committed 35496K, reserved 1079296K
  class space    used 4638K, capacity 4818K, committed 4912K, reserved 1048576K
}
Event: 13.571 GC heap before
{Heap before GC invocations=10 (full 2):
 PSYoungGen      total 143872K, used 9202K [0x00000000e0000000, 0x00000000ebb00000, 0x0000000100000000)
  eden space 134656K, 0% used [0x00000000e0000000,0x00000000e0000000,0x00000000e8380000)
  from space 9216K, 99% used [0x00000000e8f00000,0x00000000e97fc870,0x00000000e9800000)
  to   space 11776K, 0% used [0x00000000e8380000,0x00000000e8380000,0x00000000e8f00000)
 ParOldGen       total 54272K, used 12758K [0x00000000a0000000, 0x00000000a3500000, 0x00000000e0000000)
  object space 54272K, 23% used [0x00000000a0000000,0x00000000a0c75970,0x00000000a3500000)
 Metaspace       used 34654K, capacity 35210K, committed 35496K, reserved 1079296K
  class space    used 4638K, capacity 4818K, committed 4912K, reserved 1048576K
Event: 13.809 GC heap after
Heap after GC invocations=10 (full 2):
 PSYoungGen      total 143872K, used 0K [0x00000000e0000000, 0x00000000ebb00000, 0x0000000100000000)
  eden space 134656K, 0% used [0x00000000e0000000,0x00000000e0000000,0x00000000e8380000)
  from space 9216K, 0% used [0x00000000e8f00000,0x00000000e8f00000,0x00000000e9800000)
  to   space 11776K, 0% used [0x00000000e8380000,0x00000000e8380000,0x00000000e8f00000)
 ParOldGen       total 86016K, used 18981K [0x00000000a0000000, 0x00000000a5400000, 0x00000000e0000000)
  object space 86016K, 22% used [0x00000000a0000000,0x00000000a12895f0,0x00000000a5400000)
 Metaspace       used 34654K, capacity 35210K, committed 35496K, reserved 1079296K
  class space    used 4638K, capacity 4818K, committed 4912K, reserved 1048576K
}
Event: 18.199 GC heap before
{Heap before GC invocations=11 (full 2):
 PSYoungGen      total 143872K, used 134656K [0x00000000e0000000, 0x00000000ebb00000, 0x0000000100000000)
  eden space 134656K, 100% used [0x00000000e0000000,0x00000000e8380000,0x00000000e8380000)
  from space 9216K, 0% used [0x00000000e8f00000,0x00000000e8f00000,0x00000000e9800000)
  to   space 11776K, 0% used [0x00000000e8380000,0x00000000e8380000,0x00000000e8f00000)
 ParOldGen       total 86016K, used 18981K [0x00000000a0000000, 0x00000000a5400000, 0x00000000e0000000)
  object space 86016K, 22% used [0x00000000a0000000,0x00000000a12895f0,0x00000000a5400000)
 Metaspace       used 43367K, capacity 44262K, committed 44464K, reserved 1087488K
  class space    used 5775K, capacity 5971K, committed 6064K, reserved 1048576K
Event: 18.269 GC heap after
Heap after GC invocations=11 (full 2):
 PSYoungGen      total 146432K, used 11744K [0x00000000e0000000, 0x00000000ec000000, 0x0000000100000000)
  eden space 134656K, 0% used [0x00000000e0000000,0x00000000e0000000,0x00000000e8380000)
  from space 11776K, 99% used [0x00000000e8380000,0x00000000e8ef8148,0x00000000e8f00000)
  to   space 13312K, 0% used [0x00000000eb300000,0x00000000eb300000,0x00000000ec000000)
 ParOldGen       total 86016K, used 19196K [0x00000000a0000000, 0x00000000a5400000, 0x00000000e0000000)
  object space 86016K, 22% used [0x00000000a0000000,0x00000000a12bf2e0,0x00000000a5400000)
 Metaspace       used 43367K, capacity 44262K, committed 44464K, reserved 1087488K
  class space    used 5775K, capacity 5971K, committed 6064K, reserved 1048576K
}

